[09:53:07] [modloading-worker-0/INFO] ========================================
[09:53:07] [modloading-worker-0/INFO] Minecraft: 1.18.2
[09:53:07] [modloading-worker-0/INFO] Side: server
[09:53:07] [modloading-worker-0/INFO] Development: false
[09:53:07] [modloading-worker-0/INFO] Version: 8.3.614
[09:53:07] [modloading-worker-0/INFO] Loader:
[09:53:07] [modloading-worker-0/INFO] - Forge: 40.2.1
[09:53:07] [modloading-worker-0/INFO] Dependencies:
[09:53:07] [modloading-worker-0/INFO] - Cloth Config: 6.4.90
[09:53:07] [modloading-worker-0/INFO] - Architectury: 4.11.93
[09:53:07] [modloading-worker-0/INFO] Mixin: 0.8.5
[09:53:07] [modloading-worker-0/INFO] OS: Windows 10 10.0 (amd64)
[09:53:07] [modloading-worker-0/INFO] Java: 17.0.2 (Eclipse Adoptium)
[09:53:07] [modloading-worker-0/INFO] ========================================
[09:53:07] [modloading-worker-0/INFO] Mods:
[09:53:07] [modloading-worker-0/INFO] - accelerateddecay: 0.1.3+mc1.18.2
[09:53:07] [modloading-worker-0/INFO] - advancedperipherals: 0.7.29r
[09:53:07] [modloading-worker-0/INFO] - ae2: 11.7.4
[09:53:07] [modloading-worker-0/INFO] - ae2things: 1.0.5
[09:53:07] [modloading-worker-0/INFO] - ae2wtlib: 11.6.3
[09:53:07] [modloading-worker-0/INFO] - appbot: 1.0.3
[09:53:07] [modloading-worker-0/INFO] - appleskin: 2.4.1+mc1.18.2
[09:53:07] [modloading-worker-0/INFO] - appmek: 1.2.2
[09:53:07] [modloading-worker-0/INFO] - architectury: 4.11.93
[09:53:07] [modloading-worker-0/INFO] - ars_creo: 2.1.4
[09:53:07] [modloading-worker-0/INFO] - ars_nouveau: 2.9.0
[09:53:07] [modloading-worker-0/INFO] - autoreglib: 1.7-53
[09:53:07] [modloading-worker-0/INFO] - autosmithingtable: 1.2.4
[09:53:07] [modloading-worker-0/INFO] - avaritia: 4.0.1.1
[09:53:07] [modloading-worker-0/INFO] - balm: 3.2.6
[09:53:07] [modloading-worker-0/INFO] - bambooeverything: 1.3.8-build.45+mc1.18.2
[09:53:07] [modloading-worker-0/INFO] - bcc: 1.1.21-build.48+mc1.18.2
[09:53:07] [modloading-worker-0/INFO] - betterthanbunnies: 1.3.0
[09:53:07] [modloading-worker-0/INFO] - bloodmagic: 1.18.2-3.2.6-41
[09:53:07] [modloading-worker-0/INFO] - bookshelf: 13.3.56
[09:53:07] [modloading-worker-0/INFO] - botania: 1.18.2-435
[09:53:07] [modloading-worker-0/INFO] - botanypots: 8.1.28
[09:53:07] [modloading-worker-0/INFO] - botanytrees: 4.0.6
[09:53:07] [modloading-worker-0/INFO] - buddingcrystals: 1.1.3
[09:53:07] [modloading-worker-0/INFO] - buildinggadgets: 3.13.2-build.21+mc1.18.2
[09:53:07] [modloading-worker-0/INFO] - cccbridge: 1.3.1
[09:53:07] [modloading-worker-0/INFO] - champions: 1.18.2-2.1.6.3
[09:53:07] [modloading-worker-0/INFO] - chancecubes: 1.18.2-5.0.2.483
[09:53:07] [modloading-worker-0/INFO] - charginggadgets: 1.7.0
[09:53:07] [modloading-worker-0/INFO] - chickens: 1.0.31
[09:53:07] [modloading-worker-0/INFO] - chipped: 2.0.1
[09:53:07] [modloading-worker-0/INFO] - chiselsandbits: 1.2.116
[09:53:07] [modloading-worker-0/INFO] - climbladdersfast: 2.2.3-1.18
[09:53:07] [modloading-worker-0/INFO] - cloth_config: 6.4.90
[09:53:07] [modloading-worker-0/INFO] - cobblefordays: 1.5.1
[09:53:07] [modloading-worker-0/INFO] - codechickenlib: 4.1.3.480
[09:53:07] [modloading-worker-0/INFO] - cofh_core: 9.2.1
[09:53:07] [modloading-worker-0/INFO] - collective: 6.53
[09:53:07] [modloading-worker-0/INFO] - compactcrafting: 2.0.0
[09:53:07] [modloading-worker-0/INFO] - compactmachines: 4.5.0
[09:53:07] [modloading-worker-0/INFO] - computercraft: 1.101.2
[09:53:07] [modloading-worker-0/INFO] - configured: 2.0.1
[09:53:07] [modloading-worker-0/INFO] - connectedglass: 1.1.6
[09:53:07] [modloading-worker-0/INFO] - constructionwand: 1.18.2-2.9
[09:53:07] [modloading-worker-0/INFO] - controlling: 9.0+23
[09:53:07] [modloading-worker-0/INFO] - cosmeticarmorreworked: 1.18.2-v2a
[09:53:07] [modloading-worker-0/INFO] - craftingtweaks: 14.0.7
[09:53:07] [modloading-worker-0/INFO] - crashutilities: 4.1
[09:53:07] [modloading-worker-0/INFO] - create: 0.5.0.i
[09:53:07] [modloading-worker-0/INFO] - createaddition: 1.18.2-20230507a
[09:53:07] [modloading-worker-0/INFO] - createchunkloading: 1.2.1
[09:53:07] [modloading-worker-0/INFO] - ctm: 1.18.2-1.1.5+5
[09:53:07] [modloading-worker-0/INFO] - curios: 1.18.2-5.0.9.0
[09:53:07] [modloading-worker-0/INFO] - darkmodeeverywhere: 1.18.1-1.0.2
[09:53:07] [modloading-worker-0/INFO] - darkutils: 10.1.6
[09:53:07] [modloading-worker-0/INFO] - ding: 1.4.0
[09:53:07] [modloading-worker-0/INFO] - dsp: 1.0.1-build.10+mc1.18.2
[09:53:07] [modloading-worker-0/INFO] - durabilitytooltip: 1.1.4
[09:53:07] [modloading-worker-0/INFO] - dynamic_asset_generator: 0.6.3
[09:53:07] [modloading-worker-0/INFO] - eccentrictome: 1.18.2-1.10.0
[09:53:07] [modloading-worker-0/INFO] - elevatorid: 1.18.2-1.8.4
[09:53:07] [modloading-worker-0/INFO] - emojiful: 1.18.2-3.0.1
[09:53:07] [modloading-worker-0/INFO] - enderstorage: 2.9.0.182
[09:53:07] [modloading-worker-0/INFO] - engineersdecor: 1.1.28
[09:53:07] [modloading-worker-0/INFO] - entangled: 1.3.14
[09:53:07] [modloading-worker-0/INFO] - entangledfix: 1.0
[09:53:07] [modloading-worker-0/INFO] - experienceobelisk: 1.4.2
[09:53:07] [modloading-worker-0/INFO] - extendedexchange: 1802.2.7
[09:53:07] [modloading-worker-0/INFO] - extremesoundmuffler: 3.31_forge-1.18.2
[09:53:07] [modloading-worker-0/INFO] - farmersdelight: 1.18.2-1.2.1
[09:53:07] [modloading-worker-0/INFO] - ferritecore: 4.2.2
[09:53:07] [modloading-worker-0/INFO] - findme: 3.0.6
[09:53:07] [modloading-worker-0/INFO] - fluxnetworks: 7.0.8.12
[09:53:07] [modloading-worker-0/INFO] - flywheel: 0.6.8.a
[09:53:07] [modloading-worker-0/INFO] - forge: 40.2.1
[09:53:07] [modloading-worker-0/INFO] - framedblocks: 5.11.5
[09:53:07] [modloading-worker-0/INFO] - ftbauxilium: 1802.1.7-build.31
[09:53:07] [modloading-worker-0/INFO] - ftbbackups2: 1.0.19
[09:53:07] [modloading-worker-0/INFO] - ftbchunks: 1802.3.17-build.265
[09:53:07] [modloading-worker-0/INFO] - ftbdripper: 1802.1.3-build.28
[09:53:07] [modloading-worker-0/INFO] - ftbessentials: 1802.2.2-build.83
[09:53:07] [modloading-worker-0/INFO] - ftblibrary: 1802.3.11-build.177
[09:53:07] [modloading-worker-0/INFO] - ftbquests: 1802.3.14-build.191
[09:53:07] [modloading-worker-0/INFO] - ftbranks: 1802.1.11-build.71
[09:53:07] [modloading-worker-0/INFO] - ftbsbc: 0.6.8+mc1.18.2
[09:53:07] [modloading-worker-0/INFO] - ftbteams: 1802.2.10-build.96
[09:53:07] [modloading-worker-0/INFO] - ftbultimine: 1802.3.3-build.70
[09:53:07] [modloading-worker-0/INFO] - functionalstorage: 1.18.2-1.1.3
[09:53:07] [modloading-worker-0/INFO] - furnacerecycle: 2.0
[09:53:07] [modloading-worker-0/INFO] - gag: 1.2.1-build.12
[09:53:07] [modloading-worker-0/INFO] - geckolib3: 3.0.57
[09:53:07] [modloading-worker-0/INFO] - gravestone: 1.18.2-1.0.2
[09:53:07] [modloading-worker-0/INFO] - harvest: 1.1
[09:53:07] [modloading-worker-0/INFO] - immersiveengineering: 1.18.2-8.4.0-161
[09:53:07] [modloading-worker-0/INFO] - incontrol: 1.18-6.1.9
[09:53:07] [modloading-worker-0/INFO] - industrialforegoing: 3.3.1.6
[09:53:07] [modloading-worker-0/INFO] - instrumentalmobs: 1.3.5
[09:53:07] [modloading-worker-0/INFO] - inventoryessentials: 4.0.3
[09:53:07] [modloading-worker-0/INFO] - inventorysorter: 19.0.4
[09:53:07] [modloading-worker-0/INFO] - ironchest: 1.18.2-13.2.11
[09:53:07] [modloading-worker-0/INFO] - ironfurnaces: 3.3.3
[09:53:07] [modloading-worker-0/INFO] - itemcollectors: 1.1.7
[09:53:07] [modloading-worker-0/INFO] - itemfilters: 1802.2.8-build.50
[09:53:07] [modloading-worker-0/INFO] - jade: 5.2.6
[09:53:07] [modloading-worker-0/INFO] - jadeaddons: 2.5.0
[09:53:07] [modloading-worker-0/INFO] - jags: 1.3.3-build.16+mc1.18.2
[09:53:07] [modloading-worker-0/INFO] - jei: 9.9999
[09:53:07] [modloading-worker-0/INFO] - justhammers: 0.1.2+mc1.18.2
[09:53:07] [modloading-worker-0/INFO] - kubejs: 1802.5.5-build.569
[09:53:07] [modloading-worker-0/INFO] - kubejs_blood_magic: 1802.1.2-build.4
[09:53:07] [modloading-worker-0/INFO] - kubejs_create: 1802.2.2-build.28
[09:53:07] [modloading-worker-0/INFO] - kubejs_immersive_engineering: 1802.2.1-build.35
[09:53:07] [modloading-worker-0/INFO] - kubejs_mekanism: 1802.1.3-build.8
[09:53:07] [modloading-worker-0/INFO] - kubejs_thermal: 1802.1.5-build.16
[09:53:07] [modloading-worker-0/INFO] - kubejs_tinkers_construct: 1802.1.0-build.1
[09:53:07] [modloading-worker-0/INFO] - kubejs_ui: 1802.1.8-build.17
[09:53:07] [modloading-worker-0/INFO] - kubeutils: 0.1.4+mc1.18.2
[09:53:07] [modloading-worker-0/INFO] - laserio: 1.4.5
[09:53:07] [modloading-worker-0/INFO] - libx: 1.18.2-3.2.19
[09:53:07] [modloading-worker-0/INFO] - lightoverlay: 6.0.5
[09:53:07] [modloading-worker-0/INFO] - literalskyblock: 1802.1.4-build.7
[09:53:07] [modloading-worker-0/INFO] - luggage: 1.3.2
[09:53:07] [modloading-worker-0/INFO] - mantle: 1.9.45
[09:53:07] [modloading-worker-0/INFO] - mcjtylib: 1.18-6.0.20
[09:53:07] [modloading-worker-0/INFO] - mcwbridges: 2.0.7
[09:53:07] [modloading-worker-0/INFO] - mcwdoors: 1.0.9
[09:53:07] [modloading-worker-0/INFO] - mcwfences: 1.0.7
[09:53:07] [modloading-worker-0/INFO] - mcwfurnitures: 3.1.0
[09:53:07] [modloading-worker-0/INFO] - mcwlights: 1.0.5
[09:53:07] [modloading-worker-0/INFO] - mcwpaintings: 1.0.4
[09:53:07] [modloading-worker-0/INFO] - mcwpaths: 1.0.2
[09:53:07] [modloading-worker-0/INFO] - mcwroofs: 2.2.3
[09:53:07] [modloading-worker-0/INFO] - mcwtrpdoors: 1.1.0
[09:53:07] [modloading-worker-0/INFO] - mcwwindows: 2.1.1
[09:53:07] [modloading-worker-0/INFO] - measurements: 1.3.1
[09:53:07] [modloading-worker-0/INFO] - mekanism: 10.2.5
[09:53:07] [modloading-worker-0/INFO] - mekanismgenerators: 10.2.5
[09:53:07] [modloading-worker-0/INFO] - mekanismtools: 10.2.5
[09:53:07] [modloading-worker-0/INFO] - mekfix: 1.0.1-build.2+mc1.18.2
[09:53:07] [modloading-worker-0/INFO] - merequester: 1.18.2-1.1.2
[09:53:07] [modloading-worker-0/INFO] - metalbarrels: 1.18.2-4.3
[09:53:07] [modloading-worker-0/INFO] - minecraft: 1.18.2
[09:53:07] [modloading-worker-0/INFO] - minetogether: 6.1.0
[09:53:07] [modloading-worker-0/INFO] - minicoal: 1.18.1-1.0.0
[09:53:07] [modloading-worker-0/INFO] - mininggadgets: 1.11.1
[09:53:07] [modloading-worker-0/INFO] - mob_grinding_utils: 1.18.2-0.4.49
[09:53:07] [modloading-worker-0/INFO] - modnametooltip: 1.18.0
[09:53:07] [modloading-worker-0/INFO] - mother_silverfish: 1.0.1
[09:53:07] [modloading-worker-0/INFO] - mousetweaks: 2.21
[09:53:07] [modloading-worker-0/INFO] - mute: 1.0.2-build.7+mc1.18.2
[09:53:07] [modloading-worker-0/INFO] - nethersdelight: 2.2
[09:53:07] [modloading-worker-0/INFO] - partyparrots: 1.2.0
[09:53:07] [modloading-worker-0/INFO] - patchouli: 1.18.2-71.1
[09:53:07] [modloading-worker-0/INFO] - pigpen: 8.0.1
[09:53:07] [modloading-worker-0/INFO] - pipez: 1.18.2-1.1.5
[09:53:07] [modloading-worker-0/INFO] - placebo: 6.6.7
[09:53:07] [modloading-worker-0/INFO] - plonk: 10.0.4
[09:53:07] [modloading-worker-0/INFO] - pocketstorage: 1.18.2-1.0.1-build.18
[09:53:07] [modloading-worker-0/INFO] - polylib: 1801.0.2-build.13
[09:53:07] [modloading-worker-0/INFO] - ponderjs: 1.1.9
[09:53:07] [modloading-worker-0/INFO] - portablecraftingtable: 3.0.2
[09:53:07] [modloading-worker-0/INFO] - powah: 3.0.8
[09:53:07] [modloading-worker-0/INFO] - ppfluids: 1.18.2-1.1.0
[09:53:07] [modloading-worker-0/INFO] - prettypipes: 1.12.8
[09:53:07] [modloading-worker-0/INFO] - projecte: 1.0.1
[09:53:07] [modloading-worker-0/INFO] - reauth: 4.0.7
[09:53:07] [modloading-worker-0/INFO] - rechiseled: 1.0.13
[09:53:07] [modloading-worker-0/INFO] - refinedstorage: 1.10.5
[09:53:07] [modloading-worker-0/INFO] - refinedstorageaddons: 0.8.2
[09:53:07] [modloading-worker-0/INFO] - rei_plugin_compatibilities: 8.0.46
[09:53:07] [modloading-worker-0/INFO] - rftoolsbase: 1.18-3.0.12
[09:53:07] [modloading-worker-0/INFO] - rftoolsbuilder: 1.18-4.1.3
[09:53:07] [modloading-worker-0/INFO] - rftoolspower: 1.18-4.0.9
[09:53:07] [modloading-worker-0/INFO] - rftoolsstorage: 1.18-3.0.12
[09:53:07] [modloading-worker-0/INFO] - rftoolsutility: 1.18-4.0.23
[09:53:07] [modloading-worker-0/INFO] - rhino: 1802.2.1-build.255
[09:53:07] [modloading-worker-0/INFO] - roughlyenoughitems: 8.3.614
[09:53:07] [modloading-worker-0/INFO] - roughlyenoughprofessions: 1.0.2
[09:53:07] [modloading-worker-0/INFO] - rsinfinitybooster: 1.18.2-2.1+20
[09:53:07] [modloading-worker-0/INFO] - rsrequestify: 2.2.0
[09:53:07] [modloading-worker-0/INFO] - runelic: 11.0.1
[09:53:07] [modloading-worker-0/INFO] - scaffoldingpower: 1.18.2-1.3.0
[09:53:07] [modloading-worker-0/INFO] - sdrp: 3.0.4-build.28+mc1.18.2
[09:53:07] [modloading-worker-0/INFO] - selene: 1.18.2-1.17.9
[09:53:07] [modloading-worker-0/INFO] - serverconfigupdater: 2.2
[09:53:07] [modloading-worker-0/INFO] - shrink: 1.3.3
[09:53:07] [modloading-worker-0/INFO] - simplemagnets: 1.1.9
[09:53:07] [modloading-worker-0/INFO] - simplybackpacks: 1.18.2-2.1.2-build.40
[09:53:07] [modloading-worker-0/INFO] - simplylight: 1.18.2-1.4.5-build.43
[09:53:07] [modloading-worker-0/INFO] - snad: 1.18.2-1.22.04.15a
[09:53:07] [modloading-worker-0/INFO] - soulshards: 1.18.2-1.3.4
[09:53:07] [modloading-worker-0/INFO] - spark: 1.10.38
[09:53:07] [modloading-worker-0/INFO] - squatgrow: 2.0.2-build.38+mc1.18.2
[09:53:07] [modloading-worker-0/INFO] - stackrefill: 4.0
[09:53:07] [modloading-worker-0/INFO] - stonechest: 1.1.1
[09:53:07] [modloading-worker-0/INFO] - structurecompass: 1.4.0
[09:53:07] [modloading-worker-0/INFO] - structureexpansion: 1802.1.2-build.6
[09:53:07] [modloading-worker-0/INFO] - summoningrituals: 1.18.2-1.1.8
[09:53:07] [modloading-worker-0/INFO] - supercircuitmaker: 0.2.9
[09:53:07] [modloading-worker-0/INFO] - supermartijn642configlib: 1.1.6
[09:53:07] [modloading-worker-0/INFO] - supermartijn642corelib: 1.1.9a
[09:53:07] [modloading-worker-0/INFO] - supplementaries: 1.18.2-1.5.17
[09:53:07] [modloading-worker-0/INFO] - tcintegrations: 1.18.2-2.0.15.0
[09:53:07] [modloading-worker-0/INFO] - tconstruct: 3.6.4.113
[09:53:07] [modloading-worker-0/INFO] - tempad: 1.4.1
[09:53:07] [modloading-worker-0/INFO] - tesseract: 1.0.34
[09:53:07] [modloading-worker-0/INFO] - thermal: 9.2.0.46
[09:53:07] [modloading-worker-0/INFO] - thermal_expansion: 9.2.0.20
[09:53:07] [modloading-worker-0/INFO] - thermal_foundation: 9.2.0.46
[09:53:07] [modloading-worker-0/INFO] - thermal_integration: 9.2.0.16
[09:53:07] [modloading-worker-0/INFO] - tipsmod: 5.0.11
[09:53:07] [modloading-worker-0/INFO] - titanium: 3.5.9
[09:53:07] [modloading-worker-0/INFO] - tklib: 0.0.23
[09:53:07] [modloading-worker-0/INFO] - toastcontrol: 6.0.3
[09:53:07] [modloading-worker-0/INFO] - toolkit: 2.2.4-build.14+mc1.18.2
[09:53:07] [modloading-worker-0/INFO] - torchbowmod: 1.1
[09:53:07] [modloading-worker-0/INFO] - torchmaster: 18.1.0
[09:53:07] [modloading-worker-0/INFO] - trashcans: 1.0.17a
[09:53:07] [modloading-worker-0/INFO] - trashslot: 11.0.3
[09:53:07] [modloading-worker-0/INFO] - travel_anchors: 1.18.2-3.3
[09:53:07] [modloading-worker-0/INFO] - waila: 5.2.6
[09:53:07] [modloading-worker-0/INFO] - woodenshears: 1.18.2-1.2.1.2
[09:53:07] [modloading-worker-0/INFO] - xnet: 1.18-4.0.9
[09:53:07] [modloading-worker-0/INFO] - xnetgases: 3.0.1
[09:53:07] [modloading-worker-0/INFO] - yeetusexperimentus: 1.0.2-build.7+mc1.18.2
[09:53:07] [modloading-worker-0/INFO] ========================================
[09:53:08] [modloading-worker-0/INFO] [REI] Registered plugin provider REI Plugin Compatibilities Server Handler [rei_plugin_compatibilities, jei] for REIPlugin
[09:53:08] [modloading-worker-0/INFO] [REI] Registered plugin provider DefaultPluginImpl [roughlyenoughitems] for REIServerPlugin
[09:53:08] [modloading-worker-0/INFO] [REI] Registered plugin provider DefaultPluginImpl [roughlyenoughitems] for REIPlugin
[09:53:08] [modloading-worker-0/INFO] [REI] Registered plugin provider DefaultRuntimePlugin [roughlyenoughitems] for REIServerPlugin
[09:53:08] [modloading-worker-0/INFO] [REI] Registered plugin provider DefaultRuntimePlugin [roughlyenoughitems] for REIPlugin
[09:53:08] [modloading-worker-0/INFO] [REI] Registered plugin provider REI Plugin Compatibilities Server Handler [rei_plugin_compatibilities, jei] for REIServerPlugin
[09:55:06] [Worker-Main-14/DEBUG] [REI] Processed 0 tags in 43.39 μs for minecraft:worldgen/configured_structure_feature
[09:55:10] [Worker-Main-12/DEBUG] [REI] Processed 0 tags in 7.464 μs for minecraft:worldgen/structure_set
[09:55:11] [Worker-Main-11/DEBUG] [REI] Processed 2 tags in 1.393 ms for minecraft:game_event
[09:55:11] [Worker-Main-15/DEBUG] [REI] Processed 0 tags in 34.99 μs for minecraft:worldgen/biome
[09:55:14] [Worker-Main-9/DEBUG] [REI] Processed 184 tags in 1.438 ms for minecraft:fluid
[09:55:16] [Worker-Main-11/DEBUG] [REI] Processed 19 tags in 25.66 μs for minecraft:enchantment
[09:55:16] [Worker-Main-15/DEBUG] [REI] Processed 62 tags in 395.6 μs for minecraft:entity_type
[09:55:16] [Worker-Main-13/DEBUG] [REI] Processed 1030 tags in 20.70 ms for minecraft:block
[09:55:18] [Worker-Main-9/DEBUG] [REI] Processed 7 tags in 392.4 μs for minecraft:block_entity_type
[09:55:19] [Worker-Main-14/DEBUG] [REI] Processed 1623 tags in 12.84 ms for minecraft:item
[09:55:54] [Worker-Main-10/DEBUG] [REI] Processed 2 tags in 19.13 μs for mekanism:slurry
[09:55:55] [Worker-Main-15/DEBUG] [REI] Processed 8 tags in 20.53 μs for mekanism:infuse_type
[09:55:58] [Worker-Main-9/DEBUG] [REI] Processed 5 tags in 18.20 μs for mekanism:gas
[09:56:31] [Worker-Main-14/DEBUG] [REI] ========================================
[09:56:31] [Worker-Main-14/DEBUG] [REI] REIPlugin starting pre-reload for START.
[09:56:31] [Worker-Main-14/DEBUG] [REI] Reloadables (7):
[09:56:31] [Worker-Main-14/DEBUG] [REI]  - EntryTypeRegistryImpl
[09:56:31] [Worker-Main-14/DEBUG] [REI]  - EntrySettingsAdapterRegistryImpl
[09:56:31] [Worker-Main-14/DEBUG] [REI]  - RecipeManagerContextImpl
[09:56:31] [Worker-Main-14/DEBUG] [REI]  - ItemComparatorRegistryImpl
[09:56:31] [Worker-Main-14/DEBUG] [REI]  - FluidComparatorRegistryImpl
[09:56:31] [Worker-Main-14/DEBUG] [REI]  - DisplaySerializerRegistryImpl
[09:56:31] [Worker-Main-14/DEBUG] [REI]  - FluidSupportProviderImpl
[09:56:31] [Worker-Main-14/DEBUG] [REI] Plugins (3):
[09:56:31] [Worker-Main-14/DEBUG] [REI]  - (-100.00) DefaultPluginImpl of DefaultPluginImpl [roughlyenoughitems]
[09:56:31] [Worker-Main-14/DEBUG] [REI]  - (0.00) DefaultRuntimePlugin of DefaultRuntimePlugin [roughlyenoughitems]
[09:56:31] [Worker-Main-14/DEBUG] [REI]  - (0.00) REI Plugin Compatibilities Server Handler of REI Plugin Compatibilities Server Handler [rei_plugin_compatibilities, jei]
[09:56:31] [Worker-Main-14/DEBUG] [REI] ========================================
[09:56:31] [Worker-Main-14/TRACE] [REI] [REIPlugin START] Reloading Section: "pre-register/"
[09:56:31] [Worker-Main-14/TRACE] [REI] [REIPlugin START] Reloading Section: "pre-register/DefaultPluginImpl of DefaultPluginImpl [roughlyenoughitems]/"
[09:56:31] [Worker-Main-14/TRACE] [REI] [REIPlugin START] Reloading Section: "pre-register/DefaultPluginImpl of DefaultPluginImpl [roughlyenoughitems]/" done in 1.325 ms
[09:56:31] [Worker-Main-14/TRACE] [REI] [REIPlugin START] Reloading Section: "pre-register/DefaultRuntimePlugin of DefaultRuntimePlugin [roughlyenoughitems]/"
[09:56:31] [Worker-Main-14/TRACE] [REI] [REIPlugin START] Reloading Section: "pre-register/DefaultRuntimePlugin of DefaultRuntimePlugin [roughlyenoughitems]/" done in 16.33 μs
[09:56:31] [Worker-Main-14/TRACE] [REI] [REIPlugin START] Reloading Section: "pre-register/REI Plugin Compatibilities Server Handler of REI Plugin Compatibilities Server Handler [rei_plugin_compatibilities, jei]/"
[09:56:31] [Worker-Main-14/TRACE] [REI] [REIPlugin START] Reloading Section: "pre-register/REI Plugin Compatibilities Server Handler of REI Plugin Compatibilities Server Handler [rei_plugin_compatibilities, jei]/" done in 10.73 μs
[09:56:31] [Worker-Main-14/TRACE] [REI] [REIPlugin START] Reloading Section: "pre-register/" done in 14.17 ms
[09:56:31] [Worker-Main-14/DEBUG] [REI] ========================================
[09:56:31] [Worker-Main-14/DEBUG] [REI] REIPlugin finished pre-reload for START in 18.90 ms.
[09:56:31] [Worker-Main-14/DEBUG] [REI] ========================================
[09:56:31] [Worker-Main-14/DEBUG] [REI] ========================================
[09:56:31] [Worker-Main-14/DEBUG] [REI] REIServerPlugin starting pre-reload for START.
[09:56:31] [Worker-Main-14/DEBUG] [REI] Reloadables (1):
[09:56:31] [Worker-Main-14/DEBUG] [REI]  - MenuInfoRegistryImpl
[09:56:31] [Worker-Main-14/DEBUG] [REI] Plugins (3):
[09:56:31] [Worker-Main-14/DEBUG] [REI]  - (-100.00) DefaultPluginImpl of DefaultPluginImpl [roughlyenoughitems]
[09:56:31] [Worker-Main-14/DEBUG] [REI]  - (0.00) REI Plugin Compatibilities Server Handler of REI Plugin Compatibilities Server Handler [rei_plugin_compatibilities, jei]
[09:56:31] [Worker-Main-14/DEBUG] [REI]  - (0.00) DefaultRuntimePlugin of DefaultRuntimePlugin [roughlyenoughitems]
[09:56:31] [Worker-Main-14/DEBUG] [REI] ========================================
[09:56:31] [Worker-Main-14/TRACE] [REI] [REIServerPlugin START] Reloading Section: "pre-register/"
[09:56:31] [Worker-Main-14/TRACE] [REI] [REIServerPlugin START] Reloading Section: "pre-register/DefaultPluginImpl of DefaultPluginImpl [roughlyenoughitems]/"
[09:56:31] [Worker-Main-14/TRACE] [REI] [REIServerPlugin START] Reloading Section: "pre-register/DefaultPluginImpl of DefaultPluginImpl [roughlyenoughitems]/" done in 23.33 μs
[09:56:31] [Worker-Main-14/TRACE] [REI] [REIServerPlugin START] Reloading Section: "pre-register/REI Plugin Compatibilities Server Handler of REI Plugin Compatibilities Server Handler [rei_plugin_compatibilities, jei]/"
[09:56:31] [Worker-Main-14/TRACE] [REI] [REIServerPlugin START] Reloading Section: "pre-register/REI Plugin Compatibilities Server Handler of REI Plugin Compatibilities Server Handler [rei_plugin_compatibilities, jei]/" done in 17.73 μs
[09:56:31] [Worker-Main-14/TRACE] [REI] [REIServerPlugin START] Reloading Section: "pre-register/DefaultRuntimePlugin of DefaultRuntimePlugin [roughlyenoughitems]/"
[09:56:31] [Worker-Main-14/TRACE] [REI] [REIServerPlugin START] Reloading Section: "pre-register/DefaultRuntimePlugin of DefaultRuntimePlugin [roughlyenoughitems]/" done in 8.865 μs
[09:56:31] [Worker-Main-14/TRACE] [REI] [REIServerPlugin START] Reloading Section: "pre-register/" done in 513.2 μs
[09:56:31] [Worker-Main-14/DEBUG] [REI] ========================================
[09:56:31] [Worker-Main-14/DEBUG] [REI] REIServerPlugin finished pre-reload for START in 666.7 μs.
[09:56:31] [Worker-Main-14/DEBUG] [REI] ========================================
[09:56:31] [Worker-Main-14/INFO] [REI] ~~~~~~~~~~~~~~~~~~~~~~~~~~~~~~~~~~~~~~~~
[09:56:31] [Worker-Main-14/INFO] [REI] REIPlugin starting main-reload for START.
[09:56:31] [Worker-Main-14/DEBUG] [REI] Reloadables (7):
[09:56:31] [Worker-Main-14/DEBUG] [REI]  - EntryTypeRegistryImpl
[09:56:31] [Worker-Main-14/DEBUG] [REI]  - EntrySettingsAdapterRegistryImpl
[09:56:31] [Worker-Main-14/DEBUG] [REI]  - RecipeManagerContextImpl
[09:56:31] [Worker-Main-14/DEBUG] [REI]  - ItemComparatorRegistryImpl
[09:56:31] [Worker-Main-14/DEBUG] [REI]  - FluidComparatorRegistryImpl
[09:56:31] [Worker-Main-14/DEBUG] [REI]  - DisplaySerializerRegistryImpl
[09:56:31] [Worker-Main-14/DEBUG] [REI]  - FluidSupportProviderImpl
[09:56:31] [Worker-Main-14/INFO] [REI] Plugins (3):
[09:56:31] [Worker-Main-14/INFO] [REI]  - (-100.00) DefaultPluginImpl of DefaultPluginImpl [roughlyenoughitems]
[09:56:31] [Worker-Main-14/INFO] [REI]  - (0.00) DefaultRuntimePlugin of DefaultRuntimePlugin [roughlyenoughitems]
[09:56:31] [Worker-Main-14/INFO] [REI]  - (0.00) REI Plugin Compatibilities Server Handler of REI Plugin Compatibilities Server Handler [rei_plugin_compatibilities, jei]
[09:56:31] [Worker-Main-14/INFO] [REI] ~~~~~~~~~~~~~~~~~~~~~~~~~~~~~~~~~~~~~~~~
[09:56:31] [Worker-Main-14/TRACE] [REI] [REIPlugin START] Reloading Section: "start-reload/"
[09:56:31] [Worker-Main-14/TRACE] [REI] [REIPlugin START] Reloading Section: "start-reload/EntryTypeRegistryImpl/"
[09:56:31] [Worker-Main-14/TRACE] [REI] [REIPlugin START] Reloading Section: "start-reload/EntryTypeRegistryImpl/" done in 551.9 μs
[09:56:31] [Worker-Main-14/TRACE] [REI] [REIPlugin START] Reloading Section: "start-reload/EntrySettingsAdapterRegistryImpl/"
[09:56:31] [Worker-Main-14/TRACE] [REI] [REIPlugin START] Reloading Section: "start-reload/EntrySettingsAdapterRegistryImpl/" done in 21.93 μs
[09:56:31] [Worker-Main-14/TRACE] [REI] [REIPlugin START] Reloading Section: "start-reload/RecipeManagerContextImpl/"
[09:56:31] [Worker-Main-14/TRACE] [REI] [REIPlugin START] Reloading Section: "start-reload/RecipeManagerContextImpl/" done in 13.06 μs
[09:56:31] [Worker-Main-14/TRACE] [REI] [REIPlugin START] Reloading Section: "start-reload/ItemComparatorRegistryImpl/"
[09:56:31] [Worker-Main-14/TRACE] [REI] [REIPlugin START] Reloading Section: "start-reload/ItemComparatorRegistryImpl/" done in 49.45 μs
[09:56:31] [Worker-Main-14/TRACE] [REI] [REIPlugin START] Reloading Section: "start-reload/FluidComparatorRegistryImpl/"
[09:56:31] [Worker-Main-14/TRACE] [REI] [REIPlugin START] Reloading Section: "start-reload/FluidComparatorRegistryImpl/" done in 15.86 μs
[09:56:31] [Worker-Main-14/TRACE] [REI] [REIPlugin START] Reloading Section: "start-reload/DisplaySerializerRegistryImpl/"
[09:56:31] [Worker-Main-14/TRACE] [REI] [REIPlugin START] Reloading Section: "start-reload/DisplaySerializerRegistryImpl/" done in 10.73 μs
[09:56:31] [Worker-Main-14/TRACE] [REI] [REIPlugin START] Reloading Section: "start-reload/FluidSupportProviderImpl/"
[09:56:31] [Worker-Main-14/TRACE] [REI] [REIPlugin START] Reloading Section: "start-reload/FluidSupportProviderImpl/" done in 36.39 μs
[09:56:31] [Worker-Main-14/TRACE] [REI] [REIPlugin START] Reloading Section: "start-reload/" done in 2.260 ms
[09:56:31] [Worker-Main-14/DEBUG] [REI] ========================================
[09:56:31] [Worker-Main-14/DEBUG] [REI] REIPlugin started main-reload for START.
[09:56:31] [Worker-Main-14/DEBUG] [REI] ========================================
[09:56:31] [Worker-Main-14/TRACE] [REI] [REIPlugin START] Reloading Section: "reloadable-plugin/EntryTypeRegistryImpl/"
[09:56:31] [Worker-Main-14/TRACE] [REI] [REIPlugin START] Reloading Section: "reloadable-plugin/EntryTypeRegistryImpl/DefaultPluginImpl of DefaultPluginImpl [roughlyenoughitems]/"
[09:56:31] [Worker-Main-14/TRACE] [REI] [REIPlugin START] Reloading Section: "reloadable-plugin/EntryTypeRegistryImpl/DefaultPluginImpl of DefaultPluginImpl [roughlyenoughitems]/" done in 409.6 μs
[09:56:31] [Worker-Main-14/TRACE] [REI] [REIPlugin START] Reloading Section: "reloadable-plugin/EntryTypeRegistryImpl/DefaultRuntimePlugin of DefaultRuntimePlugin [roughlyenoughitems]/"
[09:56:31] [Worker-Main-14/TRACE] [REI] [REIPlugin START] Reloading Section: "reloadable-plugin/EntryTypeRegistryImpl/DefaultRuntimePlugin of DefaultRuntimePlugin [roughlyenoughitems]/" done in 16.92 ms
[09:56:31] [Worker-Main-14/TRACE] [REI] [REIPlugin START] Reloading Section: "reloadable-plugin/EntryTypeRegistryImpl/REI Plugin Compatibilities Server Handler of REI Plugin Compatibilities Server Handler [rei_plugin_compatibilities, jei]/"
[09:56:31] [Worker-Main-14/TRACE] [REI] [REIPlugin START] Reloading Section: "reloadable-plugin/EntryTypeRegistryImpl/REI Plugin Compatibilities Server Handler of REI Plugin Compatibilities Server Handler [rei_plugin_compatibilities, jei]/" done in 34.06 μs
[09:56:31] [Worker-Main-14/TRACE] [REI] [REIPlugin START] Reloading Section: "reloadable-plugin/EntryTypeRegistryImpl/" done in 18.86 ms
[09:56:31] [Worker-Main-14/TRACE] [REI] [REIPlugin START] Reloading Section: "reloadable-plugin/EntrySettingsAdapterRegistryImpl/"
[09:56:31] [Worker-Main-14/TRACE] [REI] [REIPlugin START] Reloading Section: "reloadable-plugin/EntrySettingsAdapterRegistryImpl/DefaultPluginImpl of DefaultPluginImpl [roughlyenoughitems]/"
[09:56:31] [Worker-Main-14/TRACE] [REI] [REIPlugin START] Reloading Section: "reloadable-plugin/EntrySettingsAdapterRegistryImpl/DefaultPluginImpl of DefaultPluginImpl [roughlyenoughitems]/" done in 19.60 μs
[09:56:31] [Worker-Main-14/TRACE] [REI] [REIPlugin START] Reloading Section: "reloadable-plugin/EntrySettingsAdapterRegistryImpl/DefaultRuntimePlugin of DefaultRuntimePlugin [roughlyenoughitems]/"
[09:56:31] [Worker-Main-14/TRACE] [REI] [REIPlugin START] Reloading Section: "reloadable-plugin/EntrySettingsAdapterRegistryImpl/DefaultRuntimePlugin of DefaultRuntimePlugin [roughlyenoughitems]/" done in 19.60 μs
[09:56:31] [Worker-Main-14/TRACE] [REI] [REIPlugin START] Reloading Section: "reloadable-plugin/EntrySettingsAdapterRegistryImpl/REI Plugin Compatibilities Server Handler of REI Plugin Compatibilities Server Handler [rei_plugin_compatibilities, jei]/"
[09:56:31] [Worker-Main-14/TRACE] [REI] [REIPlugin START] Reloading Section: "reloadable-plugin/EntrySettingsAdapterRegistryImpl/REI Plugin Compatibilities Server Handler of REI Plugin Compatibilities Server Handler [rei_plugin_compatibilities, jei]/" done in 19.60 μs
[09:56:31] [Worker-Main-14/TRACE] [REI] [REIPlugin START] Reloading Section: "reloadable-plugin/EntrySettingsAdapterRegistryImpl/" done in 617.7 μs
[09:56:31] [Worker-Main-14/TRACE] [REI] [REIPlugin START] Reloading Section: "reloadable-plugin/RecipeManagerContextImpl/"
[09:56:31] [Worker-Main-14/TRACE] [REI] [REIPlugin START] Reloading Section: "reloadable-plugin/RecipeManagerContextImpl/DefaultPluginImpl of DefaultPluginImpl [roughlyenoughitems]/"
[09:56:31] [Worker-Main-14/TRACE] [REI] [REIPlugin START] Reloading Section: "reloadable-plugin/RecipeManagerContextImpl/DefaultPluginImpl of DefaultPluginImpl [roughlyenoughitems]/" done in 15.40 μs
[09:56:31] [Worker-Main-14/TRACE] [REI] [REIPlugin START] Reloading Section: "reloadable-plugin/RecipeManagerContextImpl/DefaultRuntimePlugin of DefaultRuntimePlugin [roughlyenoughitems]/"
[09:56:31] [Worker-Main-14/TRACE] [REI] [REIPlugin START] Reloading Section: "reloadable-plugin/RecipeManagerContextImpl/DefaultRuntimePlugin of DefaultRuntimePlugin [roughlyenoughitems]/" done in 21.93 μs
[09:56:31] [Worker-Main-14/TRACE] [REI] [REIPlugin START] Reloading Section: "reloadable-plugin/RecipeManagerContextImpl/REI Plugin Compatibilities Server Handler of REI Plugin Compatibilities Server Handler [rei_plugin_compatibilities, jei]/"
[09:56:31] [Worker-Main-14/TRACE] [REI] [REIPlugin START] Reloading Section: "reloadable-plugin/RecipeManagerContextImpl/REI Plugin Compatibilities Server Handler of REI Plugin Compatibilities Server Handler [rei_plugin_compatibilities, jei]/" done in 122.7 μs
[09:56:31] [Worker-Main-14/TRACE] [REI] [REIPlugin START] Reloading Section: "reloadable-plugin/RecipeManagerContextImpl/" done in 726.4 μs
[09:56:31] [Worker-Main-14/TRACE] [REI] [REIPlugin START] Reloading Section: "reloadable-plugin/ItemComparatorRegistryImpl/"
[09:56:31] [Worker-Main-14/TRACE] [REI] [REIPlugin START] Reloading Section: "reloadable-plugin/ItemComparatorRegistryImpl/DefaultPluginImpl of DefaultPluginImpl [roughlyenoughitems]/"
[09:56:31] [Worker-Main-14/TRACE] [REI] [REIPlugin START] Reloading Section: "reloadable-plugin/ItemComparatorRegistryImpl/DefaultPluginImpl of DefaultPluginImpl [roughlyenoughitems]/" done in 979.3 μs
[09:56:31] [Worker-Main-14/TRACE] [REI] [REIPlugin START] Reloading Section: "reloadable-plugin/ItemComparatorRegistryImpl/DefaultRuntimePlugin of DefaultRuntimePlugin [roughlyenoughitems]/"
[09:56:31] [Worker-Main-14/TRACE] [REI] [REIPlugin START] Reloading Section: "reloadable-plugin/ItemComparatorRegistryImpl/DefaultRuntimePlugin of DefaultRuntimePlugin [roughlyenoughitems]/" done in 18.66 μs
[09:56:31] [Worker-Main-14/TRACE] [REI] [REIPlugin START] Reloading Section: "reloadable-plugin/ItemComparatorRegistryImpl/REI Plugin Compatibilities Server Handler of REI Plugin Compatibilities Server Handler [rei_plugin_compatibilities, jei]/"
[09:56:31] [Worker-Main-14/TRACE] [REI] [REIPlugin START] Reloading Section: "reloadable-plugin/ItemComparatorRegistryImpl/REI Plugin Compatibilities Server Handler of REI Plugin Compatibilities Server Handler [rei_plugin_compatibilities, jei]/" done in 20.53 μs
[09:56:31] [Worker-Main-14/TRACE] [REI] [REIPlugin START] Reloading Section: "reloadable-plugin/ItemComparatorRegistryImpl/" done in 1.715 ms
[09:56:31] [Worker-Main-14/TRACE] [REI] [REIPlugin START] Reloading Section: "reloadable-plugin/FluidComparatorRegistryImpl/"
[09:56:31] [Worker-Main-14/TRACE] [REI] [REIPlugin START] Reloading Section: "reloadable-plugin/FluidComparatorRegistryImpl/DefaultPluginImpl of DefaultPluginImpl [roughlyenoughitems]/"
[09:56:31] [Worker-Main-14/TRACE] [REI] [REIPlugin START] Reloading Section: "reloadable-plugin/FluidComparatorRegistryImpl/DefaultPluginImpl of DefaultPluginImpl [roughlyenoughitems]/" done in 217.4 μs
[09:56:31] [Worker-Main-14/TRACE] [REI] [REIPlugin START] Reloading Section: "reloadable-plugin/FluidComparatorRegistryImpl/DefaultRuntimePlugin of DefaultRuntimePlugin [roughlyenoughitems]/"
[09:56:31] [Worker-Main-14/TRACE] [REI] [REIPlugin START] Reloading Section: "reloadable-plugin/FluidComparatorRegistryImpl/DefaultRuntimePlugin of DefaultRuntimePlugin [roughlyenoughitems]/" done in 20.99 μs
[09:56:31] [Worker-Main-14/TRACE] [REI] [REIPlugin START] Reloading Section: "reloadable-plugin/FluidComparatorRegistryImpl/REI Plugin Compatibilities Server Handler of REI Plugin Compatibilities Server Handler [rei_plugin_compatibilities, jei]/"
[09:56:31] [Worker-Main-14/TRACE] [REI] [REIPlugin START] Reloading Section: "reloadable-plugin/FluidComparatorRegistryImpl/REI Plugin Compatibilities Server Handler of REI Plugin Compatibilities Server Handler [rei_plugin_compatibilities, jei]/" done in 16.33 μs
[09:56:31] [Worker-Main-14/TRACE] [REI] [REIPlugin START] Reloading Section: "reloadable-plugin/FluidComparatorRegistryImpl/" done in 1.071 ms
[09:56:31] [Worker-Main-14/TRACE] [REI] [REIPlugin START] Reloading Section: "reloadable-plugin/DisplaySerializerRegistryImpl/"
[09:56:31] [Worker-Main-14/TRACE] [REI] [REIPlugin START] Reloading Section: "reloadable-plugin/DisplaySerializerRegistryImpl/DefaultPluginImpl of DefaultPluginImpl [roughlyenoughitems]/"
[09:56:31] [Worker-Main-14/TRACE] [REI] [REIPlugin START] Reloading Section: "reloadable-plugin/DisplaySerializerRegistryImpl/DefaultPluginImpl of DefaultPluginImpl [roughlyenoughitems]/" done in 12.60 μs
[09:56:31] [Worker-Main-14/TRACE] [REI] [REIPlugin START] Reloading Section: "reloadable-plugin/DisplaySerializerRegistryImpl/DefaultRuntimePlugin of DefaultRuntimePlugin [roughlyenoughitems]/"
[09:56:31] [Worker-Main-14/TRACE] [REI] [REIPlugin START] Reloading Section: "reloadable-plugin/DisplaySerializerRegistryImpl/DefaultRuntimePlugin of DefaultRuntimePlugin [roughlyenoughitems]/" done in 13.53 μs
[09:56:31] [Worker-Main-14/TRACE] [REI] [REIPlugin START] Reloading Section: "reloadable-plugin/DisplaySerializerRegistryImpl/REI Plugin Compatibilities Server Handler of REI Plugin Compatibilities Server Handler [rei_plugin_compatibilities, jei]/"
[09:56:31] [Worker-Main-14/TRACE] [REI] [REIPlugin START] Reloading Section: "reloadable-plugin/DisplaySerializerRegistryImpl/REI Plugin Compatibilities Server Handler of REI Plugin Compatibilities Server Handler [rei_plugin_compatibilities, jei]/" done in 12.13 μs
[09:56:31] [Worker-Main-14/TRACE] [REI] [REIPlugin START] Reloading Section: "reloadable-plugin/DisplaySerializerRegistryImpl/" done in 412.9 μs
[09:56:31] [Worker-Main-14/TRACE] [REI] [REIPlugin START] Reloading Section: "reloadable-plugin/FluidSupportProviderImpl/"
[09:56:31] [Worker-Main-14/TRACE] [REI] [REIPlugin START] Reloading Section: "reloadable-plugin/FluidSupportProviderImpl/DefaultPluginImpl of DefaultPluginImpl [roughlyenoughitems]/"
[09:56:31] [Worker-Main-14/TRACE] [REI] [REIPlugin START] Reloading Section: "reloadable-plugin/FluidSupportProviderImpl/DefaultPluginImpl of DefaultPluginImpl [roughlyenoughitems]/" done in 1.285 ms
[09:56:31] [Worker-Main-14/TRACE] [REI] [REIPlugin START] Reloading Section: "reloadable-plugin/FluidSupportProviderImpl/DefaultRuntimePlugin of DefaultRuntimePlugin [roughlyenoughitems]/"
[09:56:31] [Worker-Main-14/TRACE] [REI] [REIPlugin START] Reloading Section: "reloadable-plugin/FluidSupportProviderImpl/DefaultRuntimePlugin of DefaultRuntimePlugin [roughlyenoughitems]/" done in 20.99 μs
[09:56:31] [Worker-Main-14/TRACE] [REI] [REIPlugin START] Reloading Section: "reloadable-plugin/FluidSupportProviderImpl/REI Plugin Compatibilities Server Handler of REI Plugin Compatibilities Server Handler [rei_plugin_compatibilities, jei]/"
[09:56:31] [Worker-Main-14/TRACE] [REI] [REIPlugin START] Reloading Section: "reloadable-plugin/FluidSupportProviderImpl/REI Plugin Compatibilities Server Handler of REI Plugin Compatibilities Server Handler [rei_plugin_compatibilities, jei]/" done in 16.33 μs
[09:56:31] [Worker-Main-14/TRACE] [REI] [REIPlugin START] Reloading Section: "reloadable-plugin/FluidSupportProviderImpl/" done in 1.846 ms
[09:56:31] [Worker-Main-14/DEBUG] [REI] ========================================
[09:56:31] [Worker-Main-14/DEBUG] [REI] REIPlugin ending main-reload for START.
[09:56:31] [Worker-Main-14/DEBUG] [REI] ========================================
[09:56:31] [Worker-Main-14/TRACE] [REI] [REIPlugin START] Reloading Section: "end-reload/"
[09:56:31] [Worker-Main-14/TRACE] [REI] [REIPlugin START] Reloading Section: "end-reload/EntryTypeRegistryImpl/"
[09:56:31] [Worker-Main-14/TRACE] [REI] [REIPlugin START] Reloading Section: "end-reload/EntryTypeRegistryImpl/" done in 15.40 μs
[09:56:31] [Worker-Main-14/TRACE] [REI] [REIPlugin START] Reloading Section: "end-reload/EntrySettingsAdapterRegistryImpl/"
[09:56:31] [Worker-Main-14/TRACE] [REI] [REIPlugin START] Reloading Section: "end-reload/EntrySettingsAdapterRegistryImpl/" done in 7.464 μs
[09:56:31] [Worker-Main-14/TRACE] [REI] [REIPlugin START] Reloading Section: "end-reload/RecipeManagerContextImpl/"
[09:56:31] [Worker-Main-14/TRACE] [REI] [REIPlugin START] Reloading Section: "end-reload/RecipeManagerContextImpl/" done in 6.998 μs
[09:56:31] [Worker-Main-14/TRACE] [REI] [REIPlugin START] Reloading Section: "end-reload/ItemComparatorRegistryImpl/"
[09:56:31] [Worker-Main-14/TRACE] [REI] [REIPlugin START] Reloading Section: "end-reload/ItemComparatorRegistryImpl/" done in 8.397 μs
[09:56:31] [Worker-Main-14/TRACE] [REI] [REIPlugin START] Reloading Section: "end-reload/FluidComparatorRegistryImpl/"
[09:56:31] [Worker-Main-14/TRACE] [REI] [REIPlugin START] Reloading Section: "end-reload/FluidComparatorRegistryImpl/" done in 6.531 μs
[09:56:31] [Worker-Main-14/TRACE] [REI] [REIPlugin START] Reloading Section: "end-reload/DisplaySerializerRegistryImpl/"
[09:56:31] [Worker-Main-14/TRACE] [REI] [REIPlugin START] Reloading Section: "end-reload/DisplaySerializerRegistryImpl/" done in 9.331 μs
[09:56:31] [Worker-Main-14/TRACE] [REI] [REIPlugin START] Reloading Section: "end-reload/FluidSupportProviderImpl/"
[09:56:31] [Worker-Main-14/TRACE] [REI] [REIPlugin START] Reloading Section: "end-reload/FluidSupportProviderImpl/" done in 7.931 μs
[09:56:31] [Worker-Main-14/TRACE] [REI] [REIPlugin START] Reloading Section: "end-reload/" done in 858.0 μs
[09:56:31] [Worker-Main-14/DEBUG] [REI] ========================================
[09:56:31] [Worker-Main-14/DEBUG] [REI] REIPlugin ended main-reload for START in 37.56 ms.
[09:56:31] [Worker-Main-14/DEBUG] [REI] ========================================
[09:56:31] [Worker-Main-14/INFO] [REI] ########################################
[09:56:31] [Worker-Main-14/INFO] [REI] REIServerPlugin starting main-reload for START.
[09:56:31] [Worker-Main-14/DEBUG] [REI] Reloadables (1):
[09:56:31] [Worker-Main-14/DEBUG] [REI]  - MenuInfoRegistryImpl
[09:56:31] [Worker-Main-14/INFO] [REI] Plugins (3):
[09:56:31] [Worker-Main-14/INFO] [REI]  - (-100.00) DefaultPluginImpl of DefaultPluginImpl [roughlyenoughitems]
[09:56:31] [Worker-Main-14/INFO] [REI]  - (0.00) REI Plugin Compatibilities Server Handler of REI Plugin Compatibilities Server Handler [rei_plugin_compatibilities, jei]
[09:56:31] [Worker-Main-14/INFO] [REI]  - (0.00) DefaultRuntimePlugin of DefaultRuntimePlugin [roughlyenoughitems]
[09:56:31] [Worker-Main-14/INFO] [REI] ########################################
[09:56:31] [Worker-Main-14/TRACE] [REI] [REIServerPlugin START] Reloading Section: "start-reload/"
[09:56:31] [Worker-Main-14/TRACE] [REI] [REIServerPlugin START] Reloading Section: "start-reload/MenuInfoRegistryImpl/"
[09:56:31] [Worker-Main-14/TRACE] [REI] [REIServerPlugin START] Reloading Section: "start-reload/MenuInfoRegistryImpl/" done in 18.66 μs
[09:56:31] [Worker-Main-14/TRACE] [REI] [REIServerPlugin START] Reloading Section: "start-reload/" done in 217.9 μs
[09:56:31] [Worker-Main-14/DEBUG] [REI] ========================================
[09:56:31] [Worker-Main-14/DEBUG] [REI] REIServerPlugin started main-reload for START.
[09:56:31] [Worker-Main-14/DEBUG] [REI] ========================================
[09:56:31] [Worker-Main-14/TRACE] [REI] [REIServerPlugin START] Reloading Section: "reloadable-plugin/MenuInfoRegistryImpl/"
[09:56:31] [Worker-Main-14/TRACE] [REI] [REIServerPlugin START] Reloading Section: "reloadable-plugin/MenuInfoRegistryImpl/DefaultPluginImpl of DefaultPluginImpl [roughlyenoughitems]/"
[09:56:31] [Worker-Main-14/TRACE] [REI] [REIServerPlugin START] Reloading Section: "reloadable-plugin/MenuInfoRegistryImpl/DefaultPluginImpl of DefaultPluginImpl [roughlyenoughitems]/" done in 18.66 μs
[09:56:31] [Worker-Main-14/TRACE] [REI] [REIServerPlugin START] Reloading Section: "reloadable-plugin/MenuInfoRegistryImpl/REI Plugin Compatibilities Server Handler of REI Plugin Compatibilities Server Handler [rei_plugin_compatibilities, jei]/"
[09:56:31] [Worker-Main-14/TRACE] [REI] [REIServerPlugin START] Reloading Section: "reloadable-plugin/MenuInfoRegistryImpl/REI Plugin Compatibilities Server Handler of REI Plugin Compatibilities Server Handler [rei_plugin_compatibilities, jei]/" done in 15.40 μs
[09:56:31] [Worker-Main-14/TRACE] [REI] [REIServerPlugin START] Reloading Section: "reloadable-plugin/MenuInfoRegistryImpl/DefaultRuntimePlugin of DefaultRuntimePlugin [roughlyenoughitems]/"
[09:56:31] [Worker-Main-14/TRACE] [REI] [REIServerPlugin START] Reloading Section: "reloadable-plugin/MenuInfoRegistryImpl/DefaultRuntimePlugin of DefaultRuntimePlugin [roughlyenoughitems]/" done in 14.46 μs
[09:56:31] [Worker-Main-14/TRACE] [REI] [REIServerPlugin START] Reloading Section: "reloadable-plugin/MenuInfoRegistryImpl/" done in 474.0 μs
[09:56:31] [Worker-Main-14/DEBUG] [REI] ========================================
[09:56:31] [Worker-Main-14/DEBUG] [REI] REIServerPlugin ending main-reload for START.
[09:56:31] [Worker-Main-14/DEBUG] [REI] ========================================
[09:56:31] [Worker-Main-14/TRACE] [REI] [REIServerPlugin START] Reloading Section: "end-reload/"
[09:56:31] [Worker-Main-14/TRACE] [REI] [REIServerPlugin START] Reloading Section: "end-reload/MenuInfoRegistryImpl/"
[09:56:31] [Worker-Main-14/TRACE] [REI] [REIServerPlugin START] Reloading Section: "end-reload/MenuInfoRegistryImpl/" done in 9.797 μs
[09:56:31] [Worker-Main-14/TRACE] [REI] [REIServerPlugin START] Reloading Section: "end-reload/" done in 125.5 μs
[09:56:31] [Worker-Main-14/DEBUG] [REI] ========================================
[09:56:31] [Worker-Main-14/DEBUG] [REI] REIServerPlugin ended main-reload for START in 8.735 ms.
[09:56:31] [Worker-Main-14/DEBUG] [REI] ========================================
[09:56:31] [Worker-Main-14/DEBUG] [REI] ========================================
[09:56:31] [Worker-Main-14/DEBUG] [REI] REIPlugin starting post-reload for START.
[09:56:31] [Worker-Main-14/DEBUG] [REI] Reloadables (7):
[09:56:31] [Worker-Main-14/DEBUG] [REI]  - EntryTypeRegistryImpl
[09:56:31] [Worker-Main-14/DEBUG] [REI]  - EntrySettingsAdapterRegistryImpl
[09:56:31] [Worker-Main-14/DEBUG] [REI]  - RecipeManagerContextImpl
[09:56:31] [Worker-Main-14/DEBUG] [REI]  - ItemComparatorRegistryImpl
[09:56:31] [Worker-Main-14/DEBUG] [REI]  - FluidComparatorRegistryImpl
[09:56:31] [Worker-Main-14/DEBUG] [REI]  - DisplaySerializerRegistryImpl
[09:56:31] [Worker-Main-14/DEBUG] [REI]  - FluidSupportProviderImpl
[09:56:31] [Worker-Main-14/DEBUG] [REI] Plugins (3):
[09:56:31] [Worker-Main-14/DEBUG] [REI]  - (-100.00) DefaultPluginImpl of DefaultPluginImpl [roughlyenoughitems]
[09:56:31] [Worker-Main-14/DEBUG] [REI]  - (0.00) DefaultRuntimePlugin of DefaultRuntimePlugin [roughlyenoughitems]
[09:56:31] [Worker-Main-14/DEBUG] [REI]  - (0.00) REI Plugin Compatibilities Server Handler of REI Plugin Compatibilities Server Handler [rei_plugin_compatibilities, jei]
[09:56:31] [Worker-Main-14/DEBUG] [REI] ========================================
[09:56:31] [Worker-Main-14/TRACE] [REI] [REIPlugin START] Reloading Section: "post-register/"
[09:56:31] [Worker-Main-14/TRACE] [REI] [REIPlugin START] Reloading Section: "post-register/DefaultPluginImpl of DefaultPluginImpl [roughlyenoughitems]/"
[09:56:31] [Worker-Main-14/TRACE] [REI] [REIPlugin START] Reloading Section: "post-register/DefaultPluginImpl of DefaultPluginImpl [roughlyenoughitems]/" done in 363.0 μs
[09:56:31] [Worker-Main-14/TRACE] [REI] [REIPlugin START] Reloading Section: "post-register/DefaultRuntimePlugin of DefaultRuntimePlugin [roughlyenoughitems]/"
[09:56:31] [Worker-Main-14/TRACE] [REI] [REIPlugin START] Reloading Section: "post-register/DefaultRuntimePlugin of DefaultRuntimePlugin [roughlyenoughitems]/" done in 21.46 μs
[09:56:31] [Worker-Main-14/TRACE] [REI] [REIPlugin START] Reloading Section: "post-register/REI Plugin Compatibilities Server Handler of REI Plugin Compatibilities Server Handler [rei_plugin_compatibilities, jei]/"
[09:56:31] [Worker-Main-14/TRACE] [REI] [REIPlugin START] Reloading Section: "post-register/REI Plugin Compatibilities Server Handler of REI Plugin Compatibilities Server Handler [rei_plugin_compatibilities, jei]/" done in 24.26 μs
[09:56:31] [Worker-Main-14/TRACE] [REI] [REIPlugin START] Reloading Section: "post-register/" done in 1.506 ms
[09:56:31] [Worker-Main-14/DEBUG] [REI] ========================================
[09:56:31] [Worker-Main-14/INFO] [REI] REIPlugin finished post-reload for START in 1.670 ms, totaling 58.09 ms.
[09:56:31] [Worker-Main-14/DEBUG] [REI] ========================================
[09:56:31] [Worker-Main-14/DEBUG] [REI] ========================================
[09:56:31] [Worker-Main-14/DEBUG] [REI] REIServerPlugin starting post-reload for START.
[09:56:31] [Worker-Main-14/DEBUG] [REI] Reloadables (1):
[09:56:31] [Worker-Main-14/DEBUG] [REI]  - MenuInfoRegistryImpl
[09:56:31] [Worker-Main-14/DEBUG] [REI] Plugins (3):
[09:56:31] [Worker-Main-14/DEBUG] [REI]  - (-100.00) DefaultPluginImpl of DefaultPluginImpl [roughlyenoughitems]
[09:56:31] [Worker-Main-14/DEBUG] [REI]  - (0.00) REI Plugin Compatibilities Server Handler of REI Plugin Compatibilities Server Handler [rei_plugin_compatibilities, jei]
[09:56:31] [Worker-Main-14/DEBUG] [REI]  - (0.00) DefaultRuntimePlugin of DefaultRuntimePlugin [roughlyenoughitems]
[09:56:31] [Worker-Main-14/DEBUG] [REI] ========================================
[09:56:31] [Worker-Main-14/TRACE] [REI] [REIServerPlugin START] Reloading Section: "post-register/"
[09:56:31] [Worker-Main-14/TRACE] [REI] [REIServerPlugin START] Reloading Section: "post-register/DefaultPluginImpl of DefaultPluginImpl [roughlyenoughitems]/"
[09:56:31] [Worker-Main-14/TRACE] [REI] [REIServerPlugin START] Reloading Section: "post-register/DefaultPluginImpl of DefaultPluginImpl [roughlyenoughitems]/" done in 41.52 μs
[09:56:31] [Worker-Main-14/TRACE] [REI] [REIServerPlugin START] Reloading Section: "post-register/REI Plugin Compatibilities Server Handler of REI Plugin Compatibilities Server Handler [rei_plugin_compatibilities, jei]/"
[09:56:31] [Worker-Main-14/TRACE] [REI] [REIServerPlugin START] Reloading Section: "post-register/REI Plugin Compatibilities Server Handler of REI Plugin Compatibilities Server Handler [rei_plugin_compatibilities, jei]/" done in 22.39 μs
[09:56:31] [Worker-Main-14/TRACE] [REI] [REIServerPlugin START] Reloading Section: "post-register/DefaultRuntimePlugin of DefaultRuntimePlugin [roughlyenoughitems]/"
[09:56:31] [Worker-Main-14/TRACE] [REI] [REIServerPlugin START] Reloading Section: "post-register/DefaultRuntimePlugin of DefaultRuntimePlugin [roughlyenoughitems]/" done in 19.59 μs
[09:56:31] [Worker-Main-14/TRACE] [REI] [REIServerPlugin START] Reloading Section: "post-register/" done in 698.9 μs
[09:56:31] [Worker-Main-14/DEBUG] [REI] ========================================
[09:56:31] [Worker-Main-14/INFO] [REI] REIServerPlugin finished post-reload for START in 893.4 μs, totaling 10.26 ms.
[09:56:31] [Worker-Main-14/DEBUG] [REI] ========================================
[09:56:31] [Worker-Main-14/DEBUG] [REI] ========================================
[09:56:31] [Worker-Main-14/DEBUG] [REI] REIPlugin starting pre-reload for END.
[09:56:31] [Worker-Main-14/DEBUG] [REI] Reloadables (7):
[09:56:31] [Worker-Main-14/DEBUG] [REI]  - EntryTypeRegistryImpl
[09:56:31] [Worker-Main-14/DEBUG] [REI]  - EntrySettingsAdapterRegistryImpl
[09:56:31] [Worker-Main-14/DEBUG] [REI]  - RecipeManagerContextImpl
[09:56:31] [Worker-Main-14/DEBUG] [REI]  - ItemComparatorRegistryImpl
[09:56:31] [Worker-Main-14/DEBUG] [REI]  - FluidComparatorRegistryImpl
[09:56:31] [Worker-Main-14/DEBUG] [REI]  - DisplaySerializerRegistryImpl
[09:56:31] [Worker-Main-14/DEBUG] [REI]  - FluidSupportProviderImpl
[09:56:31] [Worker-Main-14/DEBUG] [REI] Plugins (3):
[09:56:31] [Worker-Main-14/DEBUG] [REI]  - (-100.00) DefaultPluginImpl of DefaultPluginImpl [roughlyenoughitems]
[09:56:31] [Worker-Main-14/DEBUG] [REI]  - (0.00) DefaultRuntimePlugin of DefaultRuntimePlugin [roughlyenoughitems]
[09:56:31] [Worker-Main-14/DEBUG] [REI]  - (0.00) REI Plugin Compatibilities Server Handler of REI Plugin Compatibilities Server Handler [rei_plugin_compatibilities, jei]
[09:56:31] [Worker-Main-14/DEBUG] [REI] ========================================
[09:56:31] [Worker-Main-14/TRACE] [REI] [REIPlugin END] Reloading Section: "pre-register/"
[09:56:31] [Worker-Main-14/TRACE] [REI] [REIPlugin END] Reloading Section: "pre-register/DefaultPluginImpl of DefaultPluginImpl [roughlyenoughitems]/"
[09:56:31] [Worker-Main-14/TRACE] [REI] [REIPlugin END] Reloading Section: "pre-register/DefaultPluginImpl of DefaultPluginImpl [roughlyenoughitems]/" done in 19.60 μs
[09:56:31] [Worker-Main-14/TRACE] [REI] [REIPlugin END] Reloading Section: "pre-register/DefaultRuntimePlugin of DefaultRuntimePlugin [roughlyenoughitems]/"
[09:56:31] [Worker-Main-14/TRACE] [REI] [REIPlugin END] Reloading Section: "pre-register/DefaultRuntimePlugin of DefaultRuntimePlugin [roughlyenoughitems]/" done in 12.60 μs
[09:56:31] [Worker-Main-14/TRACE] [REI] [REIPlugin END] Reloading Section: "pre-register/REI Plugin Compatibilities Server Handler of REI Plugin Compatibilities Server Handler [rei_plugin_compatibilities, jei]/"
[09:56:31] [Worker-Main-14/TRACE] [REI] [REIPlugin END] Reloading Section: "pre-register/REI Plugin Compatibilities Server Handler of REI Plugin Compatibilities Server Handler [rei_plugin_compatibilities, jei]/" done in 13.06 μs
[09:56:31] [Worker-Main-14/TRACE] [REI] [REIPlugin END] Reloading Section: "pre-register/" done in 407.3 μs
[09:56:31] [Worker-Main-14/DEBUG] [REI] ========================================
[09:56:31] [Worker-Main-14/DEBUG] [REI] REIPlugin finished pre-reload for END in 520.7 μs.
[09:56:31] [Worker-Main-14/DEBUG] [REI] ========================================
[09:56:31] [Worker-Main-14/DEBUG] [REI] ========================================
[09:56:31] [Worker-Main-14/DEBUG] [REI] REIServerPlugin starting pre-reload for END.
[09:56:31] [Worker-Main-14/DEBUG] [REI] Reloadables (1):
[09:56:31] [Worker-Main-14/DEBUG] [REI]  - MenuInfoRegistryImpl
[09:56:31] [Worker-Main-14/DEBUG] [REI] Plugins (3):
[09:56:31] [Worker-Main-14/DEBUG] [REI]  - (-100.00) DefaultPluginImpl of DefaultPluginImpl [roughlyenoughitems]
[09:56:31] [Worker-Main-14/DEBUG] [REI]  - (0.00) REI Plugin Compatibilities Server Handler of REI Plugin Compatibilities Server Handler [rei_plugin_compatibilities, jei]
[09:56:31] [Worker-Main-14/DEBUG] [REI]  - (0.00) DefaultRuntimePlugin of DefaultRuntimePlugin [roughlyenoughitems]
[09:56:31] [Worker-Main-14/DEBUG] [REI] ========================================
[09:56:31] [Worker-Main-14/TRACE] [REI] [REIServerPlugin END] Reloading Section: "pre-register/"
[09:56:31] [Worker-Main-14/TRACE] [REI] [REIServerPlugin END] Reloading Section: "pre-register/DefaultPluginImpl of DefaultPluginImpl [roughlyenoughitems]/"
[09:56:31] [Worker-Main-14/TRACE] [REI] [REIServerPlugin END] Reloading Section: "pre-register/DefaultPluginImpl of DefaultPluginImpl [roughlyenoughitems]/" done in 13.06 μs
[09:56:31] [Worker-Main-14/TRACE] [REI] [REIServerPlugin END] Reloading Section: "pre-register/REI Plugin Compatibilities Server Handler of REI Plugin Compatibilities Server Handler [rei_plugin_compatibilities, jei]/"
[09:56:31] [Worker-Main-14/TRACE] [REI] [REIServerPlugin END] Reloading Section: "pre-register/REI Plugin Compatibilities Server Handler of REI Plugin Compatibilities Server Handler [rei_plugin_compatibilities, jei]/" done in 13.53 μs
[09:56:31] [Worker-Main-14/TRACE] [REI] [REIServerPlugin END] Reloading Section: "pre-register/DefaultRuntimePlugin of DefaultRuntimePlugin [roughlyenoughitems]/"
[09:56:31] [Worker-Main-14/TRACE] [REI] [REIServerPlugin END] Reloading Section: "pre-register/DefaultRuntimePlugin of DefaultRuntimePlugin [roughlyenoughitems]/" done in 10.73 μs
[09:56:31] [Worker-Main-14/TRACE] [REI] [REIServerPlugin END] Reloading Section: "pre-register/" done in 328.9 μs
[09:56:31] [Worker-Main-14/DEBUG] [REI] ========================================
[09:56:31] [Worker-Main-14/DEBUG] [REI] REIServerPlugin finished pre-reload for END in 420.8 μs.
[09:56:31] [Worker-Main-14/DEBUG] [REI] ========================================
[09:56:31] [Worker-Main-14/INFO] [REI] OOOOOOOOOOOOOOOOOOOOOOOOOOOOOOOOOOOOOOOO
[09:56:31] [Worker-Main-14/INFO] [REI] REIPlugin starting main-reload for END.
[09:56:31] [Worker-Main-14/DEBUG] [REI] Reloadables (7):
[09:56:31] [Worker-Main-14/DEBUG] [REI]  - EntryTypeRegistryImpl
[09:56:31] [Worker-Main-14/DEBUG] [REI]  - EntrySettingsAdapterRegistryImpl
[09:56:31] [Worker-Main-14/DEBUG] [REI]  - RecipeManagerContextImpl
[09:56:31] [Worker-Main-14/DEBUG] [REI]  - ItemComparatorRegistryImpl
[09:56:31] [Worker-Main-14/DEBUG] [REI]  - FluidComparatorRegistryImpl
[09:56:31] [Worker-Main-14/DEBUG] [REI]  - DisplaySerializerRegistryImpl
[09:56:31] [Worker-Main-14/DEBUG] [REI]  - FluidSupportProviderImpl
[09:56:31] [Worker-Main-14/INFO] [REI] Plugins (3):
[09:56:31] [Worker-Main-14/INFO] [REI]  - (-100.00) DefaultPluginImpl of DefaultPluginImpl [roughlyenoughitems]
[09:56:31] [Worker-Main-14/INFO] [REI]  - (0.00) DefaultRuntimePlugin of DefaultRuntimePlugin [roughlyenoughitems]
[09:56:31] [Worker-Main-14/INFO] [REI]  - (0.00) REI Plugin Compatibilities Server Handler of REI Plugin Compatibilities Server Handler [rei_plugin_compatibilities, jei]
[09:56:31] [Worker-Main-14/INFO] [REI] OOOOOOOOOOOOOOOOOOOOOOOOOOOOOOOOOOOOOOOO
[09:56:31] [Worker-Main-14/TRACE] [REI] [REIPlugin END] Reloading Section: "start-reload/"
[09:56:31] [Worker-Main-14/TRACE] [REI] [REIPlugin END] Reloading Section: "start-reload/EntryTypeRegistryImpl/"
[09:56:31] [Worker-Main-14/TRACE] [REI] [REIPlugin END] Reloading Section: "start-reload/EntryTypeRegistryImpl/" done in 18.20 μs
[09:56:31] [Worker-Main-14/TRACE] [REI] [REIPlugin END] Reloading Section: "start-reload/EntrySettingsAdapterRegistryImpl/"
[09:56:31] [Worker-Main-14/TRACE] [REI] [REIPlugin END] Reloading Section: "start-reload/EntrySettingsAdapterRegistryImpl/" done in 41.05 μs
[09:56:31] [Worker-Main-14/TRACE] [REI] [REIPlugin END] Reloading Section: "start-reload/RecipeManagerContextImpl/"
[09:56:31] [Worker-Main-14/TRACE] [REI] [REIPlugin END] Reloading Section: "start-reload/RecipeManagerContextImpl/" done in 15.40 μs
[09:56:31] [Worker-Main-14/TRACE] [REI] [REIPlugin END] Reloading Section: "start-reload/ItemComparatorRegistryImpl/"
[09:56:31] [Worker-Main-14/TRACE] [REI] [REIPlugin END] Reloading Section: "start-reload/ItemComparatorRegistryImpl/" done in 7.464 μs
[09:56:31] [Worker-Main-14/TRACE] [REI] [REIPlugin END] Reloading Section: "start-reload/FluidComparatorRegistryImpl/"
[09:56:31] [Worker-Main-14/TRACE] [REI] [REIPlugin END] Reloading Section: "start-reload/FluidComparatorRegistryImpl/" done in 7.464 μs
[09:56:31] [Worker-Main-14/TRACE] [REI] [REIPlugin END] Reloading Section: "start-reload/DisplaySerializerRegistryImpl/"
[09:56:31] [Worker-Main-14/TRACE] [REI] [REIPlugin END] Reloading Section: "start-reload/DisplaySerializerRegistryImpl/" done in 18.20 μs
[09:56:31] [Worker-Main-14/TRACE] [REI] [REIPlugin END] Reloading Section: "start-reload/FluidSupportProviderImpl/"
[09:56:31] [Worker-Main-14/TRACE] [REI] [REIPlugin END] Reloading Section: "start-reload/FluidSupportProviderImpl/" done in 7.931 μs
[09:56:31] [Worker-Main-14/TRACE] [REI] [REIPlugin END] Reloading Section: "start-reload/" done in 1.043 ms
[09:56:31] [Worker-Main-14/DEBUG] [REI] ========================================
[09:56:31] [Worker-Main-14/DEBUG] [REI] REIPlugin started main-reload for END.
[09:56:31] [Worker-Main-14/DEBUG] [REI] ========================================
[09:56:31] [Worker-Main-14/TRACE] [REI] [REIPlugin END] Reloading Section: "reloadable-plugin/EntryTypeRegistryImpl/"
[09:56:31] [Worker-Main-14/TRACE] [REI] [REIPlugin END] Reloading Section: "reloadable-plugin/EntryTypeRegistryImpl/DefaultPluginImpl of DefaultPluginImpl [roughlyenoughitems]/"
[09:56:31] [Worker-Main-14/TRACE] [REI] [REIPlugin END] Reloading Section: "reloadable-plugin/EntryTypeRegistryImpl/DefaultPluginImpl of DefaultPluginImpl [roughlyenoughitems]/" done in 20.99 μs
[09:56:31] [Worker-Main-14/TRACE] [REI] [REIPlugin END] Reloading Section: "reloadable-plugin/EntryTypeRegistryImpl/DefaultRuntimePlugin of DefaultRuntimePlugin [roughlyenoughitems]/"
[09:56:31] [Worker-Main-14/TRACE] [REI] [REIPlugin END] Reloading Section: "reloadable-plugin/EntryTypeRegistryImpl/DefaultRuntimePlugin of DefaultRuntimePlugin [roughlyenoughitems]/" done in 14.93 μs
[09:56:31] [Worker-Main-14/TRACE] [REI] [REIPlugin END] Reloading Section: "reloadable-plugin/EntryTypeRegistryImpl/REI Plugin Compatibilities Server Handler of REI Plugin Compatibilities Server Handler [rei_plugin_compatibilities, jei]/"
[09:56:31] [Worker-Main-14/TRACE] [REI] [REIPlugin END] Reloading Section: "reloadable-plugin/EntryTypeRegistryImpl/REI Plugin Compatibilities Server Handler of REI Plugin Compatibilities Server Handler [rei_plugin_compatibilities, jei]/" done in 14.46 μs
[09:56:31] [Worker-Main-14/TRACE] [REI] [REIPlugin END] Reloading Section: "reloadable-plugin/EntryTypeRegistryImpl/" done in 473.5 μs
[09:56:31] [Worker-Main-14/TRACE] [REI] [REIPlugin END] Reloading Section: "reloadable-plugin/EntrySettingsAdapterRegistryImpl/"
[09:56:31] [Worker-Main-14/TRACE] [REI] [REIPlugin END] Reloading Section: "reloadable-plugin/EntrySettingsAdapterRegistryImpl/DefaultPluginImpl of DefaultPluginImpl [roughlyenoughitems]/"
[09:56:31] [Worker-Main-14/TRACE] [REI] [REIPlugin END] Reloading Section: "reloadable-plugin/EntrySettingsAdapterRegistryImpl/DefaultPluginImpl of DefaultPluginImpl [roughlyenoughitems]/" done in 26.13 μs
[09:56:31] [Worker-Main-14/TRACE] [REI] [REIPlugin END] Reloading Section: "reloadable-plugin/EntrySettingsAdapterRegistryImpl/DefaultRuntimePlugin of DefaultRuntimePlugin [roughlyenoughitems]/"
[09:56:31] [Worker-Main-14/TRACE] [REI] [REIPlugin END] Reloading Section: "reloadable-plugin/EntrySettingsAdapterRegistryImpl/DefaultRuntimePlugin of DefaultRuntimePlugin [roughlyenoughitems]/" done in 14.93 μs
[09:56:31] [Worker-Main-14/TRACE] [REI] [REIPlugin END] Reloading Section: "reloadable-plugin/EntrySettingsAdapterRegistryImpl/REI Plugin Compatibilities Server Handler of REI Plugin Compatibilities Server Handler [rei_plugin_compatibilities, jei]/"
[09:56:31] [Worker-Main-14/TRACE] [REI] [REIPlugin END] Reloading Section: "reloadable-plugin/EntrySettingsAdapterRegistryImpl/REI Plugin Compatibilities Server Handler of REI Plugin Compatibilities Server Handler [rei_plugin_compatibilities, jei]/" done in 14.46 μs
[09:56:31] [Worker-Main-14/TRACE] [REI] [REIPlugin END] Reloading Section: "reloadable-plugin/EntrySettingsAdapterRegistryImpl/" done in 508.1 μs
[09:56:31] [Worker-Main-14/TRACE] [REI] [REIPlugin END] Reloading Section: "reloadable-plugin/RecipeManagerContextImpl/"
[09:56:31] [Worker-Main-14/TRACE] [REI] [REIPlugin END] Reloading Section: "reloadable-plugin/RecipeManagerContextImpl/DefaultPluginImpl of DefaultPluginImpl [roughlyenoughitems]/"
[09:56:31] [Worker-Main-14/TRACE] [REI] [REIPlugin END] Reloading Section: "reloadable-plugin/RecipeManagerContextImpl/DefaultPluginImpl of DefaultPluginImpl [roughlyenoughitems]/" done in 14.93 μs
[09:56:31] [Worker-Main-14/TRACE] [REI] [REIPlugin END] Reloading Section: "reloadable-plugin/RecipeManagerContextImpl/DefaultRuntimePlugin of DefaultRuntimePlugin [roughlyenoughitems]/"
[09:56:31] [Worker-Main-14/TRACE] [REI] [REIPlugin END] Reloading Section: "reloadable-plugin/RecipeManagerContextImpl/DefaultRuntimePlugin of DefaultRuntimePlugin [roughlyenoughitems]/" done in 16.80 μs
[09:56:31] [Worker-Main-14/TRACE] [REI] [REIPlugin END] Reloading Section: "reloadable-plugin/RecipeManagerContextImpl/REI Plugin Compatibilities Server Handler of REI Plugin Compatibilities Server Handler [rei_plugin_compatibilities, jei]/"
[09:56:31] [Worker-Main-14/TRACE] [REI] [REIPlugin END] Reloading Section: "reloadable-plugin/RecipeManagerContextImpl/REI Plugin Compatibilities Server Handler of REI Plugin Compatibilities Server Handler [rei_plugin_compatibilities, jei]/" done in 27.53 μs
[09:56:31] [Worker-Main-14/TRACE] [REI] [REIPlugin END] Reloading Section: "reloadable-plugin/RecipeManagerContextImpl/" done in 472.1 μs
[09:56:31] [Worker-Main-14/TRACE] [REI] [REIPlugin END] Reloading Section: "reloadable-plugin/ItemComparatorRegistryImpl/"
[09:56:31] [Worker-Main-14/TRACE] [REI] [REIPlugin END] Reloading Section: "reloadable-plugin/ItemComparatorRegistryImpl/DefaultPluginImpl of DefaultPluginImpl [roughlyenoughitems]/"
[09:56:31] [Worker-Main-14/TRACE] [REI] [REIPlugin END] Reloading Section: "reloadable-plugin/ItemComparatorRegistryImpl/DefaultPluginImpl of DefaultPluginImpl [roughlyenoughitems]/" done in 12.60 μs
[09:56:31] [Worker-Main-14/TRACE] [REI] [REIPlugin END] Reloading Section: "reloadable-plugin/ItemComparatorRegistryImpl/DefaultRuntimePlugin of DefaultRuntimePlugin [roughlyenoughitems]/"
[09:56:31] [Worker-Main-14/TRACE] [REI] [REIPlugin END] Reloading Section: "reloadable-plugin/ItemComparatorRegistryImpl/DefaultRuntimePlugin of DefaultRuntimePlugin [roughlyenoughitems]/" done in 13.53 μs
[09:56:31] [Worker-Main-14/TRACE] [REI] [REIPlugin END] Reloading Section: "reloadable-plugin/ItemComparatorRegistryImpl/REI Plugin Compatibilities Server Handler of REI Plugin Compatibilities Server Handler [rei_plugin_compatibilities, jei]/"
[09:56:31] [Worker-Main-14/TRACE] [REI] [REIPlugin END] Reloading Section: "reloadable-plugin/ItemComparatorRegistryImpl/REI Plugin Compatibilities Server Handler of REI Plugin Compatibilities Server Handler [rei_plugin_compatibilities, jei]/" done in 15.86 μs
[09:56:31] [Worker-Main-14/TRACE] [REI] [REIPlugin END] Reloading Section: "reloadable-plugin/ItemComparatorRegistryImpl/" done in 484.3 μs
[09:56:31] [Worker-Main-14/TRACE] [REI] [REIPlugin END] Reloading Section: "reloadable-plugin/FluidComparatorRegistryImpl/"
[09:56:31] [Worker-Main-14/TRACE] [REI] [REIPlugin END] Reloading Section: "reloadable-plugin/FluidComparatorRegistryImpl/DefaultPluginImpl of DefaultPluginImpl [roughlyenoughitems]/"
[09:56:31] [Worker-Main-14/TRACE] [REI] [REIPlugin END] Reloading Section: "reloadable-plugin/FluidComparatorRegistryImpl/DefaultPluginImpl of DefaultPluginImpl [roughlyenoughitems]/" done in 14.93 μs
[09:56:31] [Worker-Main-14/TRACE] [REI] [REIPlugin END] Reloading Section: "reloadable-plugin/FluidComparatorRegistryImpl/DefaultRuntimePlugin of DefaultRuntimePlugin [roughlyenoughitems]/"
[09:56:31] [Worker-Main-14/TRACE] [REI] [REIPlugin END] Reloading Section: "reloadable-plugin/FluidComparatorRegistryImpl/DefaultRuntimePlugin of DefaultRuntimePlugin [roughlyenoughitems]/" done in 15.86 μs
[09:56:31] [Worker-Main-14/TRACE] [REI] [REIPlugin END] Reloading Section: "reloadable-plugin/FluidComparatorRegistryImpl/REI Plugin Compatibilities Server Handler of REI Plugin Compatibilities Server Handler [rei_plugin_compatibilities, jei]/"
[09:56:31] [Worker-Main-14/TRACE] [REI] [REIPlugin END] Reloading Section: "reloadable-plugin/FluidComparatorRegistryImpl/REI Plugin Compatibilities Server Handler of REI Plugin Compatibilities Server Handler [rei_plugin_compatibilities, jei]/" done in 16.33 μs
[09:56:31] [Worker-Main-14/TRACE] [REI] [REIPlugin END] Reloading Section: "reloadable-plugin/FluidComparatorRegistryImpl/" done in 497.8 μs
[09:56:31] [Worker-Main-14/TRACE] [REI] [REIPlugin END] Reloading Section: "reloadable-plugin/DisplaySerializerRegistryImpl/"
[09:56:31] [Worker-Main-14/TRACE] [REI] [REIPlugin END] Reloading Section: "reloadable-plugin/DisplaySerializerRegistryImpl/DefaultPluginImpl of DefaultPluginImpl [roughlyenoughitems]/"
[09:56:31] [Worker-Main-14/TRACE] [REI] [REIPlugin END] Reloading Section: "reloadable-plugin/DisplaySerializerRegistryImpl/DefaultPluginImpl of DefaultPluginImpl [roughlyenoughitems]/" done in 45.32 ms
[09:56:31] [Worker-Main-14/TRACE] [REI] [REIPlugin END] Reloading Section: "reloadable-plugin/DisplaySerializerRegistryImpl/DefaultRuntimePlugin of DefaultRuntimePlugin [roughlyenoughitems]/"
[09:56:31] [Worker-Main-14/TRACE] [REI] [REIPlugin END] Reloading Section: "reloadable-plugin/DisplaySerializerRegistryImpl/DefaultRuntimePlugin of DefaultRuntimePlugin [roughlyenoughitems]/" done in 20.99 μs
[09:56:31] [Worker-Main-14/TRACE] [REI] [REIPlugin END] Reloading Section: "reloadable-plugin/DisplaySerializerRegistryImpl/REI Plugin Compatibilities Server Handler of REI Plugin Compatibilities Server Handler [rei_plugin_compatibilities, jei]/"
[09:56:31] [Worker-Main-14/TRACE] [REI] [REIPlugin END] Reloading Section: "reloadable-plugin/DisplaySerializerRegistryImpl/REI Plugin Compatibilities Server Handler of REI Plugin Compatibilities Server Handler [rei_plugin_compatibilities, jei]/" done in 12.60 μs
[09:56:31] [Worker-Main-14/TRACE] [REI] [REIPlugin END] Reloading Section: "reloadable-plugin/DisplaySerializerRegistryImpl/" done in 45.97 ms
[09:56:31] [Worker-Main-14/TRACE] [REI] [REIPlugin END] Reloading Section: "reloadable-plugin/FluidSupportProviderImpl/"
[09:56:31] [Worker-Main-14/TRACE] [REI] [REIPlugin END] Reloading Section: "reloadable-plugin/FluidSupportProviderImpl/DefaultPluginImpl of DefaultPluginImpl [roughlyenoughitems]/"
[09:56:31] [Worker-Main-14/TRACE] [REI] [REIPlugin END] Reloading Section: "reloadable-plugin/FluidSupportProviderImpl/DefaultPluginImpl of DefaultPluginImpl [roughlyenoughitems]/" done in 20.99 μs
[09:56:31] [Worker-Main-14/TRACE] [REI] [REIPlugin END] Reloading Section: "reloadable-plugin/FluidSupportProviderImpl/DefaultRuntimePlugin of DefaultRuntimePlugin [roughlyenoughitems]/"
[09:56:31] [Worker-Main-14/TRACE] [REI] [REIPlugin END] Reloading Section: "reloadable-plugin/FluidSupportProviderImpl/DefaultRuntimePlugin of DefaultRuntimePlugin [roughlyenoughitems]/" done in 19.13 μs
[09:56:31] [Worker-Main-14/TRACE] [REI] [REIPlugin END] Reloading Section: "reloadable-plugin/FluidSupportProviderImpl/REI Plugin Compatibilities Server Handler of REI Plugin Compatibilities Server Handler [rei_plugin_compatibilities, jei]/"
[09:56:31] [Worker-Main-14/TRACE] [REI] [REIPlugin END] Reloading Section: "reloadable-plugin/FluidSupportProviderImpl/REI Plugin Compatibilities Server Handler of REI Plugin Compatibilities Server Handler [rei_plugin_compatibilities, jei]/" done in 19.13 μs
[09:56:31] [Worker-Main-14/TRACE] [REI] [REIPlugin END] Reloading Section: "reloadable-plugin/FluidSupportProviderImpl/" done in 557.5 μs
[09:56:31] [Worker-Main-14/DEBUG] [REI] ========================================
[09:56:31] [Worker-Main-14/DEBUG] [REI] REIPlugin ending main-reload for END.
[09:56:31] [Worker-Main-14/DEBUG] [REI] ========================================
[09:56:31] [Worker-Main-14/TRACE] [REI] [REIPlugin END] Reloading Section: "end-reload/"
[09:56:31] [Worker-Main-14/TRACE] [REI] [REIPlugin END] Reloading Section: "end-reload/EntryTypeRegistryImpl/"
[09:56:31] [Worker-Main-14/TRACE] [REI] [REIPlugin END] Reloading Section: "end-reload/EntryTypeRegistryImpl/" done in 10.26 μs
[09:56:31] [Worker-Main-14/TRACE] [REI] [REIPlugin END] Reloading Section: "end-reload/EntrySettingsAdapterRegistryImpl/"
[09:56:31] [Worker-Main-14/TRACE] [REI] [REIPlugin END] Reloading Section: "end-reload/EntrySettingsAdapterRegistryImpl/" done in 7.464 μs
[09:56:31] [Worker-Main-14/TRACE] [REI] [REIPlugin END] Reloading Section: "end-reload/RecipeManagerContextImpl/"
[09:56:31] [Worker-Main-14/TRACE] [REI] [REIPlugin END] Reloading Section: "end-reload/RecipeManagerContextImpl/" done in 5.598 μs
[09:56:31] [Worker-Main-14/TRACE] [REI] [REIPlugin END] Reloading Section: "end-reload/ItemComparatorRegistryImpl/"
[09:56:31] [Worker-Main-14/TRACE] [REI] [REIPlugin END] Reloading Section: "end-reload/ItemComparatorRegistryImpl/" done in 6.065 μs
[09:56:31] [Worker-Main-14/TRACE] [REI] [REIPlugin END] Reloading Section: "end-reload/FluidComparatorRegistryImpl/"
[09:56:31] [Worker-Main-14/TRACE] [REI] [REIPlugin END] Reloading Section: "end-reload/FluidComparatorRegistryImpl/" done in 5.598 μs
[09:56:31] [Worker-Main-14/TRACE] [REI] [REIPlugin END] Reloading Section: "end-reload/DisplaySerializerRegistryImpl/"
[09:56:31] [Worker-Main-14/TRACE] [REI] [REIPlugin END] Reloading Section: "end-reload/DisplaySerializerRegistryImpl/" done in 5.598 μs
[09:56:31] [Worker-Main-14/TRACE] [REI] [REIPlugin END] Reloading Section: "end-reload/FluidSupportProviderImpl/"
[09:56:31] [Worker-Main-14/TRACE] [REI] [REIPlugin END] Reloading Section: "end-reload/FluidSupportProviderImpl/" done in 5.132 μs
[09:56:31] [Worker-Main-14/TRACE] [REI] [REIPlugin END] Reloading Section: "end-reload/" done in 761.4 μs
[09:56:31] [Worker-Main-14/DEBUG] [REI] ========================================
[09:56:31] [Worker-Main-14/DEBUG] [REI] REIPlugin ended main-reload for END in 59.26 ms.
[09:56:31] [Worker-Main-14/DEBUG] [REI] ========================================
[09:56:31] [Worker-Main-14/INFO] [REI] ~~~~~~~~~~~~~~~~~~~~~~~~~~~~~~~~~~~~~~~~
[09:56:31] [Worker-Main-14/INFO] [REI] REIServerPlugin starting main-reload for END.
[09:56:31] [Worker-Main-14/DEBUG] [REI] Reloadables (1):
[09:56:31] [Worker-Main-14/DEBUG] [REI]  - MenuInfoRegistryImpl
[09:56:31] [Worker-Main-14/INFO] [REI] Plugins (3):
[09:56:31] [Worker-Main-14/INFO] [REI]  - (-100.00) DefaultPluginImpl of DefaultPluginImpl [roughlyenoughitems]
[09:56:31] [Worker-Main-14/INFO] [REI]  - (0.00) REI Plugin Compatibilities Server Handler of REI Plugin Compatibilities Server Handler [rei_plugin_compatibilities, jei]
[09:56:31] [Worker-Main-14/INFO] [REI]  - (0.00) DefaultRuntimePlugin of DefaultRuntimePlugin [roughlyenoughitems]
[09:56:31] [Worker-Main-14/INFO] [REI] ~~~~~~~~~~~~~~~~~~~~~~~~~~~~~~~~~~~~~~~~
[09:56:31] [Worker-Main-14/TRACE] [REI] [REIServerPlugin END] Reloading Section: "start-reload/"
[09:56:31] [Worker-Main-14/TRACE] [REI] [REIServerPlugin END] Reloading Section: "start-reload/MenuInfoRegistryImpl/"
[09:56:31] [Worker-Main-14/TRACE] [REI] [REIServerPlugin END] Reloading Section: "start-reload/MenuInfoRegistryImpl/" done in 59.25 μs
[09:56:31] [Worker-Main-14/TRACE] [REI] [REIServerPlugin END] Reloading Section: "start-reload/" done in 251.0 μs
[09:56:31] [Worker-Main-14/DEBUG] [REI] ========================================
[09:56:31] [Worker-Main-14/DEBUG] [REI] REIServerPlugin started main-reload for END.
[09:56:31] [Worker-Main-14/DEBUG] [REI] ========================================
[09:56:31] [Worker-Main-14/TRACE] [REI] [REIServerPlugin END] Reloading Section: "reloadable-plugin/MenuInfoRegistryImpl/"
[09:56:31] [Worker-Main-14/TRACE] [REI] [REIServerPlugin END] Reloading Section: "reloadable-plugin/MenuInfoRegistryImpl/DefaultPluginImpl of DefaultPluginImpl [roughlyenoughitems]/"
[09:56:31] [Worker-Main-14/DEBUG] [REI] Added menu info for class net.minecraft.world.inventory.CraftingMenu [minecraft:plugins/crafting]: me.shedaniel.rei.api.common.transfer.info.simple.SimpleMenuInfoProvider$$Lambda$27407/0x0000000803935908@6fa172b3
[09:56:31] [Worker-Main-14/DEBUG] [REI] Added menu info for class net.minecraft.world.inventory.InventoryMenu [minecraft:plugins/crafting]: me.shedaniel.rei.api.common.transfer.info.simple.SimpleMenuInfoProvider$$Lambda$27407/0x0000000803935908@1f8e1e3c
[09:56:31] [Worker-Main-14/DEBUG] [REI] Added menu info for class net.minecraft.world.inventory.FurnaceMenu [minecraft:plugins/smelting]: me.shedaniel.rei.api.common.transfer.info.simple.SimpleMenuInfoProvider$$Lambda$27407/0x0000000803935908@3508f855
[09:56:31] [Worker-Main-14/DEBUG] [REI] Added menu info for class net.minecraft.world.inventory.SmokerMenu [minecraft:plugins/smoking]: me.shedaniel.rei.api.common.transfer.info.simple.SimpleMenuInfoProvider$$Lambda$27407/0x0000000803935908@1b71b639
[09:56:31] [Worker-Main-14/DEBUG] [REI] Added menu info for class net.minecraft.world.inventory.BlastFurnaceMenu [minecraft:plugins/blasting]: me.shedaniel.rei.api.common.transfer.info.simple.SimpleMenuInfoProvider$$Lambda$27407/0x0000000803935908@79e0930a
[09:56:31] [Worker-Main-14/TRACE] [REI] [REIServerPlugin END] Reloading Section: "reloadable-plugin/MenuInfoRegistryImpl/DefaultPluginImpl of DefaultPluginImpl [roughlyenoughitems]/" done in 9.727 ms
[09:56:31] [Worker-Main-14/TRACE] [REI] [REIServerPlugin END] Reloading Section: "reloadable-plugin/MenuInfoRegistryImpl/REI Plugin Compatibilities Server Handler of REI Plugin Compatibilities Server Handler [rei_plugin_compatibilities, jei]/"
[09:56:31] [Worker-Main-14/DEBUG] [REI] Added generic menu info for: me.shedaniel.rei.plugincompatibilities.fkEnyfft7oi.RDXOL8eBoUO@6c687e65
[09:56:31] [Worker-Main-14/TRACE] [REI] [REIServerPlugin END] Reloading Section: "reloadable-plugin/MenuInfoRegistryImpl/REI Plugin Compatibilities Server Handler of REI Plugin Compatibilities Server Handler [rei_plugin_compatibilities, jei]/" done in 5.161 ms
[09:56:31] [Worker-Main-14/TRACE] [REI] [REIServerPlugin END] Reloading Section: "reloadable-plugin/MenuInfoRegistryImpl/DefaultRuntimePlugin of DefaultRuntimePlugin [roughlyenoughitems]/"
[09:56:31] [Worker-Main-14/TRACE] [REI] [REIServerPlugin END] Reloading Section: "reloadable-plugin/MenuInfoRegistryImpl/DefaultRuntimePlugin of DefaultRuntimePlugin [roughlyenoughitems]/" done in 23.33 μs
[09:56:31] [Worker-Main-14/TRACE] [REI] [REIServerPlugin END] Reloading Section: "reloadable-plugin/MenuInfoRegistryImpl/" done in 15.37 ms
[09:56:31] [Worker-Main-14/DEBUG] [REI] ========================================
[09:56:31] [Worker-Main-14/DEBUG] [REI] REIServerPlugin ending main-reload for END.
[09:56:31] [Worker-Main-14/DEBUG] [REI] ========================================
[09:56:31] [Worker-Main-14/TRACE] [REI] [REIServerPlugin END] Reloading Section: "end-reload/"
[09:56:31] [Worker-Main-14/TRACE] [REI] [REIServerPlugin END] Reloading Section: "end-reload/MenuInfoRegistryImpl/"
[09:56:31] [Worker-Main-14/DEBUG] [REI] Registered 5 menu infos
[09:56:31] [Worker-Main-14/TRACE] [REI] [REIServerPlugin END] Reloading Section: "end-reload/MenuInfoRegistryImpl/" done in 78.38 μs
[09:56:31] [Worker-Main-14/TRACE] [REI] [REIServerPlugin END] Reloading Section: "end-reload/" done in 177.3 μs
[09:56:31] [Worker-Main-14/DEBUG] [REI] ========================================
[09:56:31] [Worker-Main-14/DEBUG] [REI] REIServerPlugin ended main-reload for END in 22.37 ms.
[09:56:31] [Worker-Main-14/DEBUG] [REI] ========================================
[09:56:31] [Worker-Main-14/DEBUG] [REI] ========================================
[09:56:31] [Worker-Main-14/DEBUG] [REI] REIPlugin starting post-reload for END.
[09:56:31] [Worker-Main-14/DEBUG] [REI] Reloadables (7):
[09:56:31] [Worker-Main-14/DEBUG] [REI]  - EntryTypeRegistryImpl
[09:56:31] [Worker-Main-14/DEBUG] [REI]  - EntrySettingsAdapterRegistryImpl
[09:56:31] [Worker-Main-14/DEBUG] [REI]  - RecipeManagerContextImpl
[09:56:31] [Worker-Main-14/DEBUG] [REI]  - ItemComparatorRegistryImpl
[09:56:31] [Worker-Main-14/DEBUG] [REI]  - FluidComparatorRegistryImpl
[09:56:31] [Worker-Main-14/DEBUG] [REI]  - DisplaySerializerRegistryImpl
[09:56:31] [Worker-Main-14/DEBUG] [REI]  - FluidSupportProviderImpl
[09:56:31] [Worker-Main-14/DEBUG] [REI] Plugins (3):
[09:56:31] [Worker-Main-14/DEBUG] [REI]  - (-100.00) DefaultPluginImpl of DefaultPluginImpl [roughlyenoughitems]
[09:56:31] [Worker-Main-14/DEBUG] [REI]  - (0.00) DefaultRuntimePlugin of DefaultRuntimePlugin [roughlyenoughitems]
[09:56:31] [Worker-Main-14/DEBUG] [REI]  - (0.00) REI Plugin Compatibilities Server Handler of REI Plugin Compatibilities Server Handler [rei_plugin_compatibilities, jei]
[09:56:31] [Worker-Main-14/DEBUG] [REI] ========================================
[09:56:31] [Worker-Main-14/TRACE] [REI] [REIPlugin END] Reloading Section: "post-register/"
[09:56:31] [Worker-Main-14/TRACE] [REI] [REIPlugin END] Reloading Section: "post-register/DefaultPluginImpl of DefaultPluginImpl [roughlyenoughitems]/"
[09:56:31] [Worker-Main-14/TRACE] [REI] [REIPlugin END] Reloading Section: "post-register/DefaultPluginImpl of DefaultPluginImpl [roughlyenoughitems]/" done in 27.06 μs
[09:56:31] [Worker-Main-14/TRACE] [REI] [REIPlugin END] Reloading Section: "post-register/DefaultRuntimePlugin of DefaultRuntimePlugin [roughlyenoughitems]/"
[09:56:31] [Worker-Main-14/TRACE] [REI] [REIPlugin END] Reloading Section: "post-register/DefaultRuntimePlugin of DefaultRuntimePlugin [roughlyenoughitems]/" done in 8.398 μs
[09:56:31] [Worker-Main-14/TRACE] [REI] [REIPlugin END] Reloading Section: "post-register/REI Plugin Compatibilities Server Handler of REI Plugin Compatibilities Server Handler [rei_plugin_compatibilities, jei]/"
[09:56:31] [Worker-Main-14/TRACE] [REI] [REIPlugin END] Reloading Section: "post-register/REI Plugin Compatibilities Server Handler of REI Plugin Compatibilities Server Handler [rei_plugin_compatibilities, jei]/" done in 7.464 μs
[09:56:31] [Worker-Main-14/TRACE] [REI] [REIPlugin END] Reloading Section: "post-register/" done in 312.6 μs
[09:56:31] [Worker-Main-14/DEBUG] [REI] ========================================
[09:56:31] [Worker-Main-14/INFO] [REI] REIPlugin finished post-reload for END in 386.3 μs, totaling 60.12 ms.
[09:56:31] [Worker-Main-14/DEBUG] [REI] ========================================
[09:56:31] [Worker-Main-14/DEBUG] [REI] ========================================
[09:56:31] [Worker-Main-14/DEBUG] [REI] REIServerPlugin starting post-reload for END.
[09:56:31] [Worker-Main-14/DEBUG] [REI] Reloadables (1):
[09:56:31] [Worker-Main-14/DEBUG] [REI]  - MenuInfoRegistryImpl
[09:56:31] [Worker-Main-14/DEBUG] [REI] Plugins (3):
[09:56:31] [Worker-Main-14/DEBUG] [REI]  - (-100.00) DefaultPluginImpl of DefaultPluginImpl [roughlyenoughitems]
[09:56:31] [Worker-Main-14/DEBUG] [REI]  - (0.00) REI Plugin Compatibilities Server Handler of REI Plugin Compatibilities Server Handler [rei_plugin_compatibilities, jei]
[09:56:31] [Worker-Main-14/DEBUG] [REI]  - (0.00) DefaultRuntimePlugin of DefaultRuntimePlugin [roughlyenoughitems]
[09:56:31] [Worker-Main-14/DEBUG] [REI] ========================================
[09:56:31] [Worker-Main-14/TRACE] [REI] [REIServerPlugin END] Reloading Section: "post-register/"
[09:56:31] [Worker-Main-14/TRACE] [REI] [REIServerPlugin END] Reloading Section: "post-register/DefaultPluginImpl of DefaultPluginImpl [roughlyenoughitems]/"
[09:56:31] [Worker-Main-14/TRACE] [REI] [REIServerPlugin END] Reloading Section: "post-register/DefaultPluginImpl of DefaultPluginImpl [roughlyenoughitems]/" done in 19.13 μs
[09:56:31] [Worker-Main-14/TRACE] [REI] [REIServerPlugin END] Reloading Section: "post-register/REI Plugin Compatibilities Server Handler of REI Plugin Compatibilities Server Handler [rei_plugin_compatibilities, jei]/"
[09:56:31] [Worker-Main-14/TRACE] [REI] [REIServerPlugin END] Reloading Section: "post-register/REI Plugin Compatibilities Server Handler of REI Plugin Compatibilities Server Handler [rei_plugin_compatibilities, jei]/" done in 10.73 μs
[09:56:31] [Worker-Main-14/TRACE] [REI] [REIServerPlugin END] Reloading Section: "post-register/DefaultRuntimePlugin of DefaultRuntimePlugin [roughlyenoughitems]/"
[09:56:31] [Worker-Main-14/TRACE] [REI] [REIServerPlugin END] Reloading Section: "post-register/DefaultRuntimePlugin of DefaultRuntimePlugin [roughlyenoughitems]/" done in 11.20 μs
[09:56:31] [Worker-Main-14/TRACE] [REI] [REIServerPlugin END] Reloading Section: "post-register/" done in 439.5 μs
[09:56:31] [Worker-Main-14/DEBUG] [REI] ========================================
[09:56:31] [Worker-Main-14/INFO] [REI] REIServerPlugin finished post-reload for END in 558.9 μs, totaling 23.32 ms.
[09:56:31] [Worker-Main-14/DEBUG] [REI] ========================================
